2013-11-25 14:32:23,746 WARN  [DefaultSoapUICore] Missing folder [/Users/DeLac/Documents/eclipse_workspace/WS/PartesWS/./ext] for external libraries
2013-11-25 14:32:24,144 INFO  [DefaultSoapUICore] initialized soapui-settings from [/Users/DeLac/soapui-settings.xml]
2013-11-25 14:32:24,904 INFO  [SchemaUtils] Added default schema from file:/Users/DeLac/.m2/repository/eviware/soapui/3.5.1/soapui-3.5.1.jar!/com/eviware/soapui/resources/xsds/xop.xsd with targetNamespace http://www.w3.org/2004/08/xop/include
2013-11-25 14:32:25,024 INFO  [SchemaUtils] Added default schema from file:/Users/DeLac/.m2/repository/eviware/soapui/3.5.1/soapui-3.5.1.jar!/com/eviware/soapui/resources/xsds/XMLSchema.xsd with targetNamespace http://www.w3.org/2001/XMLSchema
2013-11-25 14:32:25,026 INFO  [SchemaUtils] Added default schema from file:/Users/DeLac/.m2/repository/eviware/soapui/3.5.1/soapui-3.5.1.jar!/com/eviware/soapui/resources/xsds/xml.xsd with targetNamespace http://www.w3.org/XML/1998/namespace
2013-11-25 14:32:25,028 INFO  [SchemaUtils] Added default schema from file:/Users/DeLac/.m2/repository/eviware/soapui/3.5.1/soapui-3.5.1.jar!/com/eviware/soapui/resources/xsds/swaref.xsd with targetNamespace http://ws-i.org/profiles/basic/1.1/xsd
2013-11-25 14:32:25,030 INFO  [SchemaUtils] Added default schema from file:/Users/DeLac/.m2/repository/eviware/soapui/3.5.1/soapui-3.5.1.jar!/com/eviware/soapui/resources/xsds/xmime200505.xsd with targetNamespace http://www.w3.org/2005/05/xmlmime
2013-11-25 14:32:25,031 INFO  [SchemaUtils] Added default schema from file:/Users/DeLac/.m2/repository/eviware/soapui/3.5.1/soapui-3.5.1.jar!/com/eviware/soapui/resources/xsds/xmime200411.xsd with targetNamespace http://www.w3.org/2004/11/xmlmime
2013-11-25 14:32:25,035 INFO  [SchemaUtils] Added default schema from file:/Users/DeLac/.m2/repository/eviware/soapui/3.5.1/soapui-3.5.1.jar!/com/eviware/soapui/resources/xsds/soapEnvelope.xsd with targetNamespace http://schemas.xmlsoap.org/soap/envelope/
2013-11-25 14:32:25,053 INFO  [SchemaUtils] Added default schema from file:/Users/DeLac/.m2/repository/eviware/soapui/3.5.1/soapui-3.5.1.jar!/com/eviware/soapui/resources/xsds/soapEncoding.xsd with targetNamespace http://schemas.xmlsoap.org/soap/encoding/
2013-11-25 14:32:25,057 INFO  [SchemaUtils] Added default schema from file:/Users/DeLac/.m2/repository/eviware/soapui/3.5.1/soapui-3.5.1.jar!/com/eviware/soapui/resources/xsds/soapEnvelope12.xsd with targetNamespace http://www.w3.org/2003/05/soap-envelope
2013-11-25 14:32:25,073 INFO  [SchemaUtils] Added default schema from file:/Users/DeLac/.m2/repository/eviware/soapui/3.5.1/soapui-3.5.1.jar!/com/eviware/soapui/resources/xsds/soapEncoding12.xsd with targetNamespace http://www.w3.org/2003/05/soap-encoding
2013-11-25 14:32:25,282 INFO  [SchemaUtils] Loading schema types from [file:/Users/DeLac/Desktop/rpst/BookableAmenity.wsdl]
2013-11-25 14:32:25,288 INFO  [SchemaUtils] Getting schema file:/Users/DeLac/Desktop/rpst/BookableAmenity.wsdl
2013-11-25 14:32:25,650 INFO  [WsdlImporter] Finding importer for {http://scn2.wp6.thalesgroup.choreos.ow2.org/}BookableAmenityImplPortBinding
2013-11-25 14:32:25,655 INFO  [WsdlImporter] Importing binding {http://scn2.wp6.thalesgroup.choreos.ow2.org/}BookableAmenityImplPortBinding
2013-11-25 14:32:25,930 INFO  [Soap11HttpBindingImporter] importing endpoint http://localhost:8008/bookableamenity
2013-11-25 14:32:25,982 INFO  [Soap11HttpBindingImporter] importing operation bookAllAvailableAmenities
2013-11-25 14:32:26,001 INFO  [Soap11HttpBindingImporter] importing operation setInvocationAddress
2013-11-25 14:32:27,528 INFO  [Partes] built SOAPui project for IBookableAmenity
2013-11-25 14:32:27,550 INFO  [SchemaUtils] Loading schema types from [file:/Users/DeLac/Desktop/rpst/MIDLocationSensorsAggregator.wsdl]
2013-11-25 14:32:27,550 INFO  [SchemaUtils] Getting schema file:/Users/DeLac/Desktop/rpst/MIDLocationSensorsAggregator.wsdl
2013-11-25 14:32:27,717 INFO  [WsdlImporter] Finding importer for {http://scn2.wp6.thalesgroup.choreos.ow2.org/}MIDLocationSensorsAggregatorImplPortBinding
2013-11-25 14:32:27,717 INFO  [WsdlImporter] Importing binding {http://scn2.wp6.thalesgroup.choreos.ow2.org/}MIDLocationSensorsAggregatorImplPortBinding
2013-11-25 14:32:27,718 INFO  [Soap11HttpBindingImporter] importing endpoint http://localhost:8022/midlocationsensorsaggregator
2013-11-25 14:32:27,719 INFO  [Soap11HttpBindingImporter] importing operation getAveragePosition
2013-11-25 14:32:27,723 INFO  [Soap11HttpBindingImporter] importing operation setInvocationAddress
2013-11-25 14:32:28,726 INFO  [Partes] built SOAPui project for IMIDLocationSensorsAggregator
2013-11-25 14:32:28,746 INFO  [SchemaUtils] Loading schema types from [file:/Users/DeLac/Desktop/rpst/AirportPressureSensorsAggregator.wsdl]
2013-11-25 14:32:28,746 INFO  [SchemaUtils] Getting schema file:/Users/DeLac/Desktop/rpst/AirportPressureSensorsAggregator.wsdl
2013-11-25 14:32:28,874 INFO  [WsdlImporter] Finding importer for {http://scn2.wp6.thalesgroup.choreos.ow2.org/}AirportPressureSensorsAggregatorImplPortBinding
2013-11-25 14:32:28,874 INFO  [WsdlImporter] Importing binding {http://scn2.wp6.thalesgroup.choreos.ow2.org/}AirportPressureSensorsAggregatorImplPortBinding
2013-11-25 14:32:28,875 INFO  [Soap11HttpBindingImporter] importing endpoint http://localhost:8019/airportpressuresensorsaggregator
2013-11-25 14:32:28,875 INFO  [Soap11HttpBindingImporter] importing operation getStates
2013-11-25 14:32:28,876 INFO  [Soap11HttpBindingImporter] importing operation setInvocationAddress
2013-11-25 14:32:29,600 INFO  [Partes] built SOAPui project for IAirportPressureSensorsAggregator
2013-11-25 14:32:29,647 INFO  [SchemaUtils] Loading schema types from [file:/Users/DeLac/Desktop/rpst/AirTrafficControl.wsdl]
2013-11-25 14:32:29,647 INFO  [SchemaUtils] Getting schema file:/Users/DeLac/Desktop/rpst/AirTrafficControl.wsdl
2013-11-25 14:32:29,760 INFO  [WsdlImporter] Finding importer for {http://scn2.wp6.thalesgroup.choreos.ow2.org/}AirTrafficControlImplPortBinding
2013-11-25 14:32:29,760 INFO  [WsdlImporter] Importing binding {http://scn2.wp6.thalesgroup.choreos.ow2.org/}AirTrafficControlImplPortBinding
2013-11-25 14:32:29,760 INFO  [Soap11HttpBindingImporter] importing endpoint http://localhost:8007/airtrafficcontrol
2013-11-25 14:32:29,761 INFO  [Soap11HttpBindingImporter] importing operation acceptProposal
2013-11-25 14:32:29,761 INFO  [Soap11HttpBindingImporter] importing operation proposeReroute
2013-11-25 14:32:29,761 INFO  [Soap11HttpBindingImporter] importing operation rejectProposal
2013-11-25 14:32:29,762 INFO  [Soap11HttpBindingImporter] importing operation sendWeatherForecast
2013-11-25 14:32:29,762 INFO  [Soap11HttpBindingImporter] importing operation setInvocationAddress
2013-11-25 14:32:29,771 INFO  [Partes] built SOAPui project for IAirTrafficControl
2013-11-25 14:32:29,785 INFO  [SchemaUtils] Loading schema types from [file:/Users/DeLac/Desktop/rpst/LuggageHandlingCompany.wsdl]
2013-11-25 14:32:29,786 INFO  [SchemaUtils] Getting schema file:/Users/DeLac/Desktop/rpst/LuggageHandlingCompany.wsdl
2013-11-25 14:32:29,892 INFO  [WsdlImporter] Finding importer for {http://scn2.wp6.thalesgroup.choreos.ow2.org/}LuggageHandlingCompanyImplPortBinding
2013-11-25 14:32:29,892 INFO  [WsdlImporter] Importing binding {http://scn2.wp6.thalesgroup.choreos.ow2.org/}LuggageHandlingCompanyImplPortBinding
2013-11-25 14:32:29,893 INFO  [Soap11HttpBindingImporter] importing endpoint http://localhost:8012/luggagehandlingcompany
2013-11-25 14:32:29,894 INFO  [Soap11HttpBindingImporter] importing operation bookAmenities
2013-11-25 14:32:29,894 INFO  [Soap11HttpBindingImporter] importing operation setInvocationAddress
2013-11-25 14:32:29,894 INFO  [Soap11HttpBindingImporter] importing operation warnUnexpectedArrival
2013-11-25 14:32:30,159 INFO  [Partes] built SOAPui project for ILuggageHandlingCompany
2013-11-25 14:32:30,173 INFO  [SchemaUtils] Loading schema types from [file:/Users/DeLac/Desktop/rpst/AirportBusCompany.wsdl]
2013-11-25 14:32:30,173 INFO  [SchemaUtils] Getting schema file:/Users/DeLac/Desktop/rpst/AirportBusCompany.wsdl
2013-11-25 14:32:30,292 INFO  [WsdlImporter] Finding importer for {http://scn2.wp6.thalesgroup.choreos.ow2.org/}AirportBusCompanyImplPortBinding
2013-11-25 14:32:30,292 INFO  [WsdlImporter] Importing binding {http://scn2.wp6.thalesgroup.choreos.ow2.org/}AirportBusCompanyImplPortBinding
2013-11-25 14:32:30,292 INFO  [Soap11HttpBindingImporter] importing endpoint http://localhost:8004/airportbuscompany
2013-11-25 14:32:30,292 INFO  [Soap11HttpBindingImporter] importing operation bookAmenities
2013-11-25 14:32:30,293 INFO  [Soap11HttpBindingImporter] importing operation setInvocationAddress
2013-11-25 14:32:30,293 INFO  [Soap11HttpBindingImporter] importing operation warnUnexpectedArrival
2013-11-25 14:32:30,611 INFO  [Partes] built SOAPui project for IAirportBusCompany
2013-11-25 14:32:30,625 INFO  [SchemaUtils] Loading schema types from [file:/Users/DeLac/Desktop/rpst/SecurityCompany.wsdl]
2013-11-25 14:32:30,625 INFO  [SchemaUtils] Getting schema file:/Users/DeLac/Desktop/rpst/SecurityCompany.wsdl
2013-11-25 14:32:30,740 INFO  [WsdlImporter] Finding importer for {http://scn2.wp6.thalesgroup.choreos.ow2.org/}SecurityCompanyImplPortBinding
2013-11-25 14:32:30,740 INFO  [WsdlImporter] Importing binding {http://scn2.wp6.thalesgroup.choreos.ow2.org/}SecurityCompanyImplPortBinding
2013-11-25 14:32:30,741 INFO  [Soap11HttpBindingImporter] importing endpoint http://localhost:8013/securitycompany
2013-11-25 14:32:30,741 INFO  [Soap11HttpBindingImporter] importing operation bookAmenities
2013-11-25 14:32:30,741 INFO  [Soap11HttpBindingImporter] importing operation setInvocationAddress
2013-11-25 14:32:30,741 INFO  [Soap11HttpBindingImporter] importing operation warnUnexpectedArrival
2013-11-25 14:32:31,048 INFO  [Partes] built SOAPui project for ISecurityCompany
2013-11-25 14:32:31,061 INFO  [SchemaUtils] Loading schema types from [file:/Users/DeLac/Desktop/rpst/AirportInfraredSensorsAggregator.wsdl]
2013-11-25 14:32:31,061 INFO  [SchemaUtils] Getting schema file:/Users/DeLac/Desktop/rpst/AirportInfraredSensorsAggregator.wsdl
2013-11-25 14:32:31,142 INFO  [WsdlImporter] Finding importer for {http://scn2.wp6.thalesgroup.choreos.ow2.org/}AirportInfraredSensorsAggregatorImplPortBinding
2013-11-25 14:32:31,142 INFO  [WsdlImporter] Importing binding {http://scn2.wp6.thalesgroup.choreos.ow2.org/}AirportInfraredSensorsAggregatorImplPortBinding
2013-11-25 14:32:31,142 INFO  [Soap11HttpBindingImporter] importing endpoint http://localhost:8018/airportinfraredsensorsaggregator
2013-11-25 14:32:31,142 INFO  [Soap11HttpBindingImporter] importing operation getStates
2013-11-25 14:32:31,143 INFO  [Soap11HttpBindingImporter] importing operation setInvocationAddress
2013-11-25 14:32:31,910 INFO  [Partes] built SOAPui project for IAirportInfraredSensorsAggregator
2013-11-25 14:32:31,921 INFO  [SchemaUtils] Loading schema types from [file:/Users/DeLac/Desktop/rpst/AirportDisplayActuatorsAggregator.wsdl]
2013-11-25 14:32:31,921 INFO  [SchemaUtils] Getting schema file:/Users/DeLac/Desktop/rpst/AirportDisplayActuatorsAggregator.wsdl
2013-11-25 14:32:31,991 INFO  [WsdlImporter] Finding importer for {http://scn2.wp6.thalesgroup.choreos.ow2.org/}AirportDisplayActuatorsAggregatorImplPortBinding
2013-11-25 14:32:31,992 INFO  [WsdlImporter] Importing binding {http://scn2.wp6.thalesgroup.choreos.ow2.org/}AirportDisplayActuatorsAggregatorImplPortBinding
2013-11-25 14:32:31,992 INFO  [Soap11HttpBindingImporter] importing endpoint http://localhost:8017/airportdisplayactuatorsaggregator
2013-11-25 14:32:31,992 INFO  [Soap11HttpBindingImporter] importing operation display
2013-11-25 14:32:31,992 INFO  [Soap11HttpBindingImporter] importing operation setInvocationAddress
2013-11-25 14:32:32,456 INFO  [Partes] built SOAPui project for IAirportDisplayActuatorsAggregator
2013-11-25 14:32:32,467 INFO  [SchemaUtils] Loading schema types from [file:/Users/DeLac/Desktop/rpst/StandAndGateManagement.wsdl]
2013-11-25 14:32:32,467 INFO  [SchemaUtils] Getting schema file:/Users/DeLac/Desktop/rpst/StandAndGateManagement.wsdl
2013-11-25 14:32:32,531 INFO  [WsdlImporter] Finding importer for {http://scn2.wp6.thalesgroup.choreos.ow2.org/}StandAndGateManagementImplPortBinding
2013-11-25 14:32:32,531 INFO  [WsdlImporter] Importing binding {http://scn2.wp6.thalesgroup.choreos.ow2.org/}StandAndGateManagementImplPortBinding
2013-11-25 14:32:32,531 INFO  [Soap11HttpBindingImporter] importing endpoint http://localhost:8014/standandgatemanagement
2013-11-25 14:32:32,532 INFO  [Soap11HttpBindingImporter] importing operation requestAmenities
2013-11-25 14:32:32,532 INFO  [Soap11HttpBindingImporter] importing operation requestAmenitiesChoreoC
2013-11-25 14:32:32,532 INFO  [Soap11HttpBindingImporter] importing operation setInvocationAddress
2013-11-25 14:32:32,721 INFO  [Partes] built SOAPui project for IStandAndGateManagement
2013-11-25 14:32:32,731 INFO  [SchemaUtils] Loading schema types from [file:/Users/DeLac/Desktop/rpst/AirportNoiseSensorsAggregator.wsdl]
2013-11-25 14:32:32,731 INFO  [SchemaUtils] Getting schema file:/Users/DeLac/Desktop/rpst/AirportNoiseSensorsAggregator.wsdl
2013-11-25 14:32:32,801 INFO  [WsdlImporter] Finding importer for {http://scn2.wp6.thalesgroup.choreos.ow2.org/}AirportNoiseSensorsAggregatorImplPortBinding
2013-11-25 14:32:32,801 INFO  [WsdlImporter] Importing binding {http://scn2.wp6.thalesgroup.choreos.ow2.org/}AirportNoiseSensorsAggregatorImplPortBinding
2013-11-25 14:32:32,802 INFO  [Soap11HttpBindingImporter] importing endpoint http://localhost:8005/airportnoisesensorsaggregator
2013-11-25 14:32:32,802 INFO  [Soap11HttpBindingImporter] importing operation getAverageSoundLevel
2013-11-25 14:32:32,802 INFO  [Soap11HttpBindingImporter] importing operation setInvocationAddress
2013-11-25 14:32:33,340 INFO  [Partes] built SOAPui project for IAirportNoiseSensorsAggregator
2013-11-25 14:32:33,350 INFO  [SchemaUtils] Loading schema types from [file:/Users/DeLac/Desktop/rpst/MIDDisplayActuatorsAggregator.wsdl]
2013-11-25 14:32:33,350 INFO  [SchemaUtils] Getting schema file:/Users/DeLac/Desktop/rpst/MIDDisplayActuatorsAggregator.wsdl
2013-11-25 14:32:33,408 INFO  [WsdlImporter] Finding importer for {http://scn2.wp6.thalesgroup.choreos.ow2.org/}MIDDisplayActuatorsAggregatorImplPortBinding
2013-11-25 14:32:33,408 INFO  [WsdlImporter] Importing binding {http://scn2.wp6.thalesgroup.choreos.ow2.org/}MIDDisplayActuatorsAggregatorImplPortBinding
2013-11-25 14:32:33,409 INFO  [Soap11HttpBindingImporter] importing endpoint http://localhost:8021/middisplayactuatorsaggregator
2013-11-25 14:32:33,409 INFO  [Soap11HttpBindingImporter] importing operation display
2013-11-25 14:32:33,409 INFO  [Soap11HttpBindingImporter] importing operation setInvocationAddress
2013-11-25 14:32:33,865 INFO  [Partes] built SOAPui project for IMIDDisplayActuatorsAggregator
2013-11-25 14:32:33,881 INFO  [SchemaUtils] Loading schema types from [file:/Users/DeLac/Desktop/rpst/Airport.wsdl]
2013-11-25 14:32:33,881 INFO  [SchemaUtils] Getting schema file:/Users/DeLac/Desktop/rpst/Airport.wsdl
2013-11-25 14:32:33,952 INFO  [WsdlImporter] Finding importer for {http://scn2.wp6.thalesgroup.choreos.ow2.org/}AirportImplPortBinding
2013-11-25 14:32:33,952 INFO  [WsdlImporter] Importing binding {http://scn2.wp6.thalesgroup.choreos.ow2.org/}AirportImplPortBinding
2013-11-25 14:32:33,953 INFO  [Soap11HttpBindingImporter] importing endpoint http://localhost:8003/airport
2013-11-25 14:32:33,953 INFO  [Soap11HttpBindingImporter] importing operation confirmApproach
2013-11-25 14:32:33,954 INFO  [Soap11HttpBindingImporter] importing operation getAvailableAmenities
2013-11-25 14:32:33,954 INFO  [Soap11HttpBindingImporter] importing operation getBusConfirmation
2013-11-25 14:32:33,954 INFO  [Soap11HttpBindingImporter] importing operation getLuggageConfirmation
2013-11-25 14:32:33,954 INFO  [Soap11HttpBindingImporter] importing operation getSecurityConfirmation
2013-11-25 14:32:33,954 INFO  [Soap11HttpBindingImporter] importing operation requestAmenities
2013-11-25 14:32:33,955 INFO  [Soap11HttpBindingImporter] importing operation sendRerouteWarning
2013-11-25 14:32:33,955 INFO  [Soap11HttpBindingImporter] importing operation setInvocationAddress
2013-11-25 14:32:35,351 INFO  [Partes] built SOAPui project for IAirport
2013-11-25 14:32:35,363 INFO  [SchemaUtils] Loading schema types from [file:/Users/DeLac/Desktop/rpst/AirportSignActuatorsAggregator.wsdl]
2013-11-25 14:32:35,363 INFO  [SchemaUtils] Getting schema file:/Users/DeLac/Desktop/rpst/AirportSignActuatorsAggregator.wsdl
2013-11-25 14:32:35,441 INFO  [WsdlImporter] Finding importer for {http://scn2.wp6.thalesgroup.choreos.ow2.org/}AirportSignActuatorsAggregatorImplPortBinding
2013-11-25 14:32:35,441 INFO  [WsdlImporter] Importing binding {http://scn2.wp6.thalesgroup.choreos.ow2.org/}AirportSignActuatorsAggregatorImplPortBinding
2013-11-25 14:32:35,441 INFO  [Soap11HttpBindingImporter] importing endpoint http://localhost:8020/airportsignactuatorsaggregator
2013-11-25 14:32:35,441 INFO  [Soap11HttpBindingImporter] importing operation setInvocationAddress
2013-11-25 14:32:35,442 INFO  [Soap11HttpBindingImporter] importing operation setStates
2013-11-25 14:32:35,902 INFO  [Partes] built SOAPui project for IAirportSignActuatorsAggregator
2013-11-25 14:32:35,912 INFO  [SchemaUtils] Loading schema types from [file:/Users/DeLac/Desktop/rpst/AirportSpeakerActuatorsAggregator.wsdl]
2013-11-25 14:32:35,912 INFO  [SchemaUtils] Getting schema file:/Users/DeLac/Desktop/rpst/AirportSpeakerActuatorsAggregator.wsdl
2013-11-25 14:32:36,046 INFO  [WsdlImporter] Finding importer for {http://scn2.wp6.thalesgroup.choreos.ow2.org/}AirportSpeakerActuatorsAggregatorImplPortBinding
2013-11-25 14:32:36,047 INFO  [WsdlImporter] Importing binding {http://scn2.wp6.thalesgroup.choreos.ow2.org/}AirportSpeakerActuatorsAggregatorImplPortBinding
2013-11-25 14:32:36,047 INFO  [Soap11HttpBindingImporter] importing endpoint http://localhost:8006/airportspeakeractuatorsaggregator
2013-11-25 14:32:36,048 INFO  [Soap11HttpBindingImporter] importing operation adjustSpeakersVolumeLevel
2013-11-25 14:32:36,048 INFO  [Soap11HttpBindingImporter] importing operation say
2013-11-25 14:32:36,048 INFO  [Soap11HttpBindingImporter] importing operation setInvocationAddress
2013-11-25 14:32:37,429 INFO  [Partes] built SOAPui project for IAirportSpeakerActuatorsAggregator
2013-11-25 14:32:37,440 INFO  [SchemaUtils] Loading schema types from [file:/Users/DeLac/Desktop/rpst/MIDMicrophoneSensorsAggregator.wsdl]
2013-11-25 14:32:37,440 INFO  [SchemaUtils] Getting schema file:/Users/DeLac/Desktop/rpst/MIDMicrophoneSensorsAggregator.wsdl
2013-11-25 14:32:37,506 INFO  [WsdlImporter] Finding importer for {http://scn2.wp6.thalesgroup.choreos.ow2.org/}MIDMicrophoneSensorsAggregatorImplPortBinding
2013-11-25 14:32:37,506 INFO  [WsdlImporter] Importing binding {http://scn2.wp6.thalesgroup.choreos.ow2.org/}MIDMicrophoneSensorsAggregatorImplPortBinding
2013-11-25 14:32:37,507 INFO  [Soap11HttpBindingImporter] importing endpoint http://localhost:8023/midmicrophonesensorsaggregator
2013-11-25 14:32:37,508 INFO  [Soap11HttpBindingImporter] importing operation getAverageSound
2013-11-25 14:32:37,509 INFO  [Soap11HttpBindingImporter] importing operation setInvocationAddress
2013-11-25 14:32:37,902 INFO  [Partes] built SOAPui project for IMIDMicrophoneSensorsAggregator
2013-11-25 14:32:37,930 INFO  [SchemaUtils] Loading schema types from [file:/Users/DeLac/Desktop/rpst/AirTrafficControl.wsdl]
2013-11-25 14:32:37,931 INFO  [SchemaUtils] Getting schema file:/Users/DeLac/Desktop/rpst/AirTrafficControl.wsdl
2013-11-25 14:32:38,001 INFO  [WsdlImporter] Finding importer for {http://scn2.wp6.thalesgroup.choreos.ow2.org/}AirTrafficControlImplPortBinding
2013-11-25 14:32:38,002 INFO  [WsdlImporter] Importing binding {http://scn2.wp6.thalesgroup.choreos.ow2.org/}AirTrafficControlImplPortBinding
2013-11-25 14:32:38,002 INFO  [Soap11HttpBindingImporter] importing endpoint http://localhost:8007/airtrafficcontrol
2013-11-25 14:32:38,003 INFO  [Soap11HttpBindingImporter] importing operation acceptProposal
2013-11-25 14:32:38,003 INFO  [Soap11HttpBindingImporter] importing operation proposeReroute
2013-11-25 14:32:38,003 INFO  [Soap11HttpBindingImporter] importing operation rejectProposal
2013-11-25 14:32:38,003 INFO  [Soap11HttpBindingImporter] importing operation sendWeatherForecast
2013-11-25 14:32:38,003 INFO  [Soap11HttpBindingImporter] importing operation setInvocationAddress
2013-11-25 14:32:38,142 INFO  [SchemaUtils] Loading schema types from [file:/Users/DeLac/Desktop/rpst/Airport.wsdl]
2013-11-25 14:32:38,143 INFO  [SchemaUtils] Getting schema file:/Users/DeLac/Desktop/rpst/Airport.wsdl
2013-11-25 14:32:38,193 INFO  [WsdlImporter] Finding importer for {http://scn2.wp6.thalesgroup.choreos.ow2.org/}AirportImplPortBinding
2013-11-25 14:32:38,193 INFO  [WsdlImporter] Importing binding {http://scn2.wp6.thalesgroup.choreos.ow2.org/}AirportImplPortBinding
2013-11-25 14:32:38,194 INFO  [Soap11HttpBindingImporter] importing endpoint http://localhost:8003/airport
2013-11-25 14:32:38,194 INFO  [Soap11HttpBindingImporter] importing operation confirmApproach
2013-11-25 14:32:38,195 INFO  [Soap11HttpBindingImporter] importing operation getAvailableAmenities
2013-11-25 14:32:38,195 INFO  [Soap11HttpBindingImporter] importing operation getBusConfirmation
2013-11-25 14:32:38,195 INFO  [Soap11HttpBindingImporter] importing operation getLuggageConfirmation
2013-11-25 14:32:38,195 INFO  [Soap11HttpBindingImporter] importing operation getSecurityConfirmation
2013-11-25 14:32:38,195 INFO  [Soap11HttpBindingImporter] importing operation requestAmenities
2013-11-25 14:32:38,195 INFO  [Soap11HttpBindingImporter] importing operation sendRerouteWarning
2013-11-25 14:32:38,195 INFO  [Soap11HttpBindingImporter] importing operation setInvocationAddress
2013-11-25 14:32:38,216 INFO  [SchemaUtils] Loading schema types from [file:/Users/DeLac/Desktop/rpst/StandAndGateManagement.wsdl]
2013-11-25 14:32:38,217 INFO  [SchemaUtils] Getting schema file:/Users/DeLac/Desktop/rpst/StandAndGateManagement.wsdl
2013-11-25 14:32:38,265 INFO  [WsdlImporter] Finding importer for {http://scn2.wp6.thalesgroup.choreos.ow2.org/}StandAndGateManagementImplPortBinding
2013-11-25 14:32:38,265 INFO  [WsdlImporter] Importing binding {http://scn2.wp6.thalesgroup.choreos.ow2.org/}StandAndGateManagementImplPortBinding
2013-11-25 14:32:38,266 INFO  [Soap11HttpBindingImporter] importing endpoint http://localhost:8014/standandgatemanagement
2013-11-25 14:32:38,267 INFO  [Soap11HttpBindingImporter] importing operation requestAmenities
2013-11-25 14:32:38,267 INFO  [Soap11HttpBindingImporter] importing operation requestAmenitiesChoreoC
2013-11-25 14:32:38,267 INFO  [Soap11HttpBindingImporter] importing operation setInvocationAddress
2013-11-25 14:32:38,282 INFO  [SchemaUtils] Loading schema types from [file:/Users/DeLac/Desktop/rpst/BookableAmenity.wsdl]
2013-11-25 14:32:38,282 INFO  [SchemaUtils] Getting schema file:/Users/DeLac/Desktop/rpst/BookableAmenity.wsdl
2013-11-25 14:32:38,332 INFO  [WsdlImporter] Finding importer for {http://scn2.wp6.thalesgroup.choreos.ow2.org/}BookableAmenityImplPortBinding
2013-11-25 14:32:38,332 INFO  [WsdlImporter] Importing binding {http://scn2.wp6.thalesgroup.choreos.ow2.org/}BookableAmenityImplPortBinding
2013-11-25 14:32:38,332 INFO  [Soap11HttpBindingImporter] importing endpoint http://localhost:8008/bookableamenity
2013-11-25 14:32:38,333 INFO  [Soap11HttpBindingImporter] importing operation bookAllAvailableAmenities
2013-11-25 14:32:38,333 INFO  [Soap11HttpBindingImporter] importing operation setInvocationAddress
2013-11-25 14:32:38,346 INFO  [SchemaUtils] Loading schema types from [file:/Users/DeLac/Desktop/rpst/LuggageHandlingCompany.wsdl]
2013-11-25 14:32:38,346 INFO  [SchemaUtils] Getting schema file:/Users/DeLac/Desktop/rpst/LuggageHandlingCompany.wsdl
2013-11-25 14:32:38,394 INFO  [WsdlImporter] Finding importer for {http://scn2.wp6.thalesgroup.choreos.ow2.org/}LuggageHandlingCompanyImplPortBinding
2013-11-25 14:32:38,395 INFO  [WsdlImporter] Importing binding {http://scn2.wp6.thalesgroup.choreos.ow2.org/}LuggageHandlingCompanyImplPortBinding
2013-11-25 14:32:38,395 INFO  [Soap11HttpBindingImporter] importing endpoint http://localhost:8012/luggagehandlingcompany
2013-11-25 14:32:38,395 INFO  [Soap11HttpBindingImporter] importing operation bookAmenities
2013-11-25 14:32:38,395 INFO  [Soap11HttpBindingImporter] importing operation setInvocationAddress
2013-11-25 14:32:38,396 INFO  [Soap11HttpBindingImporter] importing operation warnUnexpectedArrival
2013-11-25 14:32:38,426 INFO  [SchemaUtils] Loading schema types from [file:/Users/DeLac/Desktop/rpst/SecurityCompany.wsdl]
2013-11-25 14:32:38,426 INFO  [SchemaUtils] Getting schema file:/Users/DeLac/Desktop/rpst/SecurityCompany.wsdl
2013-11-25 14:32:38,475 INFO  [WsdlImporter] Finding importer for {http://scn2.wp6.thalesgroup.choreos.ow2.org/}SecurityCompanyImplPortBinding
2013-11-25 14:32:38,475 INFO  [WsdlImporter] Importing binding {http://scn2.wp6.thalesgroup.choreos.ow2.org/}SecurityCompanyImplPortBinding
2013-11-25 14:32:38,475 INFO  [Soap11HttpBindingImporter] importing endpoint http://localhost:8013/securitycompany
2013-11-25 14:32:38,476 INFO  [Soap11HttpBindingImporter] importing operation bookAmenities
2013-11-25 14:32:38,476 INFO  [Soap11HttpBindingImporter] importing operation setInvocationAddress
2013-11-25 14:32:38,476 INFO  [Soap11HttpBindingImporter] importing operation warnUnexpectedArrival
2013-11-25 14:32:38,489 INFO  [SchemaUtils] Loading schema types from [file:/Users/DeLac/Desktop/rpst/AirportBusCompany.wsdl]
2013-11-25 14:32:38,489 INFO  [SchemaUtils] Getting schema file:/Users/DeLac/Desktop/rpst/AirportBusCompany.wsdl
2013-11-25 14:32:38,537 INFO  [WsdlImporter] Finding importer for {http://scn2.wp6.thalesgroup.choreos.ow2.org/}AirportBusCompanyImplPortBinding
2013-11-25 14:32:38,537 INFO  [WsdlImporter] Importing binding {http://scn2.wp6.thalesgroup.choreos.ow2.org/}AirportBusCompanyImplPortBinding
2013-11-25 14:32:38,537 INFO  [Soap11HttpBindingImporter] importing endpoint http://localhost:8004/airportbuscompany
2013-11-25 14:32:38,537 INFO  [Soap11HttpBindingImporter] importing operation bookAmenities
2013-11-25 14:32:38,538 INFO  [Soap11HttpBindingImporter] importing operation setInvocationAddress
2013-11-25 14:32:38,538 INFO  [Soap11HttpBindingImporter] importing operation warnUnexpectedArrival
2013-11-25 14:32:38,551 INFO  [SchemaUtils] Loading schema types from [file:/Users/DeLac/Desktop/rpst/AirportNoiseSensorsAggregator.wsdl]
2013-11-25 14:32:38,551 INFO  [SchemaUtils] Getting schema file:/Users/DeLac/Desktop/rpst/AirportNoiseSensorsAggregator.wsdl
2013-11-25 14:32:38,600 INFO  [WsdlImporter] Finding importer for {http://scn2.wp6.thalesgroup.choreos.ow2.org/}AirportNoiseSensorsAggregatorImplPortBinding
2013-11-25 14:32:38,600 INFO  [WsdlImporter] Importing binding {http://scn2.wp6.thalesgroup.choreos.ow2.org/}AirportNoiseSensorsAggregatorImplPortBinding
2013-11-25 14:32:38,600 INFO  [Soap11HttpBindingImporter] importing endpoint http://localhost:8005/airportnoisesensorsaggregator
2013-11-25 14:32:38,601 INFO  [Soap11HttpBindingImporter] importing operation getAverageSoundLevel
2013-11-25 14:32:38,601 INFO  [Soap11HttpBindingImporter] importing operation setInvocationAddress
2013-11-25 14:32:38,613 INFO  [SchemaUtils] Loading schema types from [file:/Users/DeLac/Desktop/rpst/AirportSpeakerActuatorsAggregator.wsdl]
2013-11-25 14:32:38,613 INFO  [SchemaUtils] Getting schema file:/Users/DeLac/Desktop/rpst/AirportSpeakerActuatorsAggregator.wsdl
2013-11-25 14:32:38,661 INFO  [WsdlImporter] Finding importer for {http://scn2.wp6.thalesgroup.choreos.ow2.org/}AirportSpeakerActuatorsAggregatorImplPortBinding
2013-11-25 14:32:38,661 INFO  [WsdlImporter] Importing binding {http://scn2.wp6.thalesgroup.choreos.ow2.org/}AirportSpeakerActuatorsAggregatorImplPortBinding
2013-11-25 14:32:38,662 INFO  [Soap11HttpBindingImporter] importing endpoint http://localhost:8006/airportspeakeractuatorsaggregator
2013-11-25 14:32:38,662 INFO  [Soap11HttpBindingImporter] importing operation adjustSpeakersVolumeLevel
2013-11-25 14:32:38,662 INFO  [Soap11HttpBindingImporter] importing operation say
2013-11-25 14:32:38,662 INFO  [Soap11HttpBindingImporter] importing operation setInvocationAddress
2013-11-25 14:32:38,783 INFO  [SchemaUtils] Loading schema types from [file:/Users/DeLac/Desktop/rpst/MIDMicrophoneSensorsAggregator.wsdl]
2013-11-25 14:32:38,783 INFO  [SchemaUtils] Getting schema file:/Users/DeLac/Desktop/rpst/MIDMicrophoneSensorsAggregator.wsdl
2013-11-25 14:32:38,835 INFO  [WsdlImporter] Finding importer for {http://scn2.wp6.thalesgroup.choreos.ow2.org/}MIDMicrophoneSensorsAggregatorImplPortBinding
2013-11-25 14:32:38,835 INFO  [WsdlImporter] Importing binding {http://scn2.wp6.thalesgroup.choreos.ow2.org/}MIDMicrophoneSensorsAggregatorImplPortBinding
2013-11-25 14:32:38,835 INFO  [Soap11HttpBindingImporter] importing endpoint http://localhost:8023/midmicrophonesensorsaggregator
2013-11-25 14:32:38,836 INFO  [Soap11HttpBindingImporter] importing operation getAverageSound
2013-11-25 14:32:38,836 INFO  [Soap11HttpBindingImporter] importing operation setInvocationAddress
2013-11-25 14:32:38,847 INFO  [SchemaUtils] Loading schema types from [file:/Users/DeLac/Desktop/rpst/AirportDisplayActuatorsAggregator.wsdl]
2013-11-25 14:32:38,847 INFO  [SchemaUtils] Getting schema file:/Users/DeLac/Desktop/rpst/AirportDisplayActuatorsAggregator.wsdl
2013-11-25 14:32:38,894 INFO  [WsdlImporter] Finding importer for {http://scn2.wp6.thalesgroup.choreos.ow2.org/}AirportDisplayActuatorsAggregatorImplPortBinding
2013-11-25 14:32:38,895 INFO  [WsdlImporter] Importing binding {http://scn2.wp6.thalesgroup.choreos.ow2.org/}AirportDisplayActuatorsAggregatorImplPortBinding
2013-11-25 14:32:38,895 INFO  [Soap11HttpBindingImporter] importing endpoint http://localhost:8017/airportdisplayactuatorsaggregator
2013-11-25 14:32:38,895 INFO  [Soap11HttpBindingImporter] importing operation display
2013-11-25 14:32:38,895 INFO  [Soap11HttpBindingImporter] importing operation setInvocationAddress
2013-11-25 14:32:38,908 INFO  [SchemaUtils] Loading schema types from [file:/Users/DeLac/Desktop/rpst/AirportSignActuatorsAggregator.wsdl]
2013-11-25 14:32:38,908 INFO  [SchemaUtils] Getting schema file:/Users/DeLac/Desktop/rpst/AirportSignActuatorsAggregator.wsdl
2013-11-25 14:32:38,958 INFO  [WsdlImporter] Finding importer for {http://scn2.wp6.thalesgroup.choreos.ow2.org/}AirportSignActuatorsAggregatorImplPortBinding
2013-11-25 14:32:38,958 INFO  [WsdlImporter] Importing binding {http://scn2.wp6.thalesgroup.choreos.ow2.org/}AirportSignActuatorsAggregatorImplPortBinding
2013-11-25 14:32:38,958 INFO  [Soap11HttpBindingImporter] importing endpoint http://localhost:8020/airportsignactuatorsaggregator
2013-11-25 14:32:38,958 INFO  [Soap11HttpBindingImporter] importing operation setInvocationAddress
2013-11-25 14:32:38,959 INFO  [Soap11HttpBindingImporter] importing operation setStates
2013-11-25 14:32:38,970 INFO  [SchemaUtils] Loading schema types from [file:/Users/DeLac/Desktop/rpst/MIDDisplayActuatorsAggregator.wsdl]
2013-11-25 14:32:38,970 INFO  [SchemaUtils] Getting schema file:/Users/DeLac/Desktop/rpst/MIDDisplayActuatorsAggregator.wsdl
2013-11-25 14:32:39,021 INFO  [WsdlImporter] Finding importer for {http://scn2.wp6.thalesgroup.choreos.ow2.org/}MIDDisplayActuatorsAggregatorImplPortBinding
2013-11-25 14:32:39,021 INFO  [WsdlImporter] Importing binding {http://scn2.wp6.thalesgroup.choreos.ow2.org/}MIDDisplayActuatorsAggregatorImplPortBinding
2013-11-25 14:32:39,021 INFO  [Soap11HttpBindingImporter] importing endpoint http://localhost:8021/middisplayactuatorsaggregator
2013-11-25 14:32:39,021 INFO  [Soap11HttpBindingImporter] importing operation display
2013-11-25 14:32:39,021 INFO  [Soap11HttpBindingImporter] importing operation setInvocationAddress
2013-11-25 14:32:39,033 INFO  [SchemaUtils] Loading schema types from [file:/Users/DeLac/Desktop/rpst/AirportPressureSensorsAggregator.wsdl]
2013-11-25 14:32:39,033 INFO  [SchemaUtils] Getting schema file:/Users/DeLac/Desktop/rpst/AirportPressureSensorsAggregator.wsdl
2013-11-25 14:32:39,084 INFO  [WsdlImporter] Finding importer for {http://scn2.wp6.thalesgroup.choreos.ow2.org/}AirportPressureSensorsAggregatorImplPortBinding
2013-11-25 14:32:39,084 INFO  [WsdlImporter] Importing binding {http://scn2.wp6.thalesgroup.choreos.ow2.org/}AirportPressureSensorsAggregatorImplPortBinding
2013-11-25 14:32:39,084 INFO  [Soap11HttpBindingImporter] importing endpoint http://localhost:8019/airportpressuresensorsaggregator
2013-11-25 14:32:39,085 INFO  [Soap11HttpBindingImporter] importing operation getStates
2013-11-25 14:32:39,085 INFO  [Soap11HttpBindingImporter] importing operation setInvocationAddress
2013-11-25 14:32:39,098 INFO  [SchemaUtils] Loading schema types from [file:/Users/DeLac/Desktop/rpst/MIDLocationSensorsAggregator.wsdl]
2013-11-25 14:32:39,098 INFO  [SchemaUtils] Getting schema file:/Users/DeLac/Desktop/rpst/MIDLocationSensorsAggregator.wsdl
2013-11-25 14:32:39,148 INFO  [WsdlImporter] Finding importer for {http://scn2.wp6.thalesgroup.choreos.ow2.org/}MIDLocationSensorsAggregatorImplPortBinding
2013-11-25 14:32:39,148 INFO  [WsdlImporter] Importing binding {http://scn2.wp6.thalesgroup.choreos.ow2.org/}MIDLocationSensorsAggregatorImplPortBinding
2013-11-25 14:32:39,148 INFO  [Soap11HttpBindingImporter] importing endpoint http://localhost:8022/midlocationsensorsaggregator
2013-11-25 14:32:39,149 INFO  [Soap11HttpBindingImporter] importing operation getAveragePosition
2013-11-25 14:32:39,149 INFO  [Soap11HttpBindingImporter] importing operation setInvocationAddress
2013-11-25 14:32:39,161 INFO  [SchemaUtils] Loading schema types from [file:/Users/DeLac/Desktop/rpst/AirportInfraredSensorsAggregator.wsdl]
2013-11-25 14:32:39,161 INFO  [SchemaUtils] Getting schema file:/Users/DeLac/Desktop/rpst/AirportInfraredSensorsAggregator.wsdl
2013-11-25 14:32:39,212 INFO  [WsdlImporter] Finding importer for {http://scn2.wp6.thalesgroup.choreos.ow2.org/}AirportInfraredSensorsAggregatorImplPortBinding
2013-11-25 14:32:39,212 INFO  [WsdlImporter] Importing binding {http://scn2.wp6.thalesgroup.choreos.ow2.org/}AirportInfraredSensorsAggregatorImplPortBinding
2013-11-25 14:32:39,213 INFO  [Soap11HttpBindingImporter] importing endpoint http://localhost:8018/airportinfraredsensorsaggregator
2013-11-25 14:32:39,213 INFO  [Soap11HttpBindingImporter] importing operation getStates
2013-11-25 14:32:39,213 INFO  [Soap11HttpBindingImporter] importing operation setInvocationAddress
2013-11-25 14:32:39,218 INFO  [TestBuilder] testcase: TestCase_1
2013-11-25 14:32:39,283 INFO  [TestBuilder] testcase: TestCase_2
2013-11-25 14:32:39,332 INFO  [TestBuilder] testcase: TestCase_3
2013-11-25 14:32:39,403 INFO  [TestBuilder] testcase: TestCase_4
2013-11-25 14:32:39,445 INFO  [TestBuilder] testcase: TestCase_5
2013-11-25 14:32:39,482 INFO  [TestBuilder] testcase: TestCase_6
2013-11-25 14:32:39,527 INFO  [TestBuilder] testcase: TestCase_7
2013-11-25 14:32:39,566 INFO  [TestBuilder] testcase: TestCase_8
2013-11-25 14:32:39,594 INFO  [TestBuilder] testcase: TestCase_9
2013-11-25 14:32:39,638 INFO  [TestBuilder] testcase: TestCase_10
2013-11-25 14:32:39,682 INFO  [TestBuilder] testcase: TestCase_11
2013-11-25 14:32:39,720 INFO  [TestBuilder] testcase: TestCase_12
2013-11-25 14:32:39,767 INFO  [TestBuilder] testcase: TestCase_13
2013-11-25 14:32:39,815 INFO  [TestBuilder] testcase: TestCase_14
2013-11-25 14:32:39,855 INFO  [TestBuilder] testcase: TestCase_15
2013-11-25 14:32:39,902 INFO  [TestBuilder] testcase: TestCase_16
2013-11-25 14:32:39,938 INFO  [TestBuilder] testcase: TestCase_17
2013-11-25 14:32:39,983 INFO  [TestBuilder] testcase: TestCase_18
2013-11-25 14:32:40,024 INFO  [TestBuilder] testcase: TestCase_19
2013-11-25 14:32:40,070 INFO  [TestBuilder] testcase: TestCase_20
2013-11-25 14:32:40,108 INFO  [TestBuilder] testcase: TestCase_21
2013-11-25 14:32:40,158 INFO  [TestBuilder] testcase: TestCase_22
2013-11-25 14:32:40,209 INFO  [TestBuilder] testcase: TestCase_23
2013-11-25 14:32:40,255 INFO  [TestBuilder] testcase: TestCase_24
2013-11-25 14:32:40,817 INFO  [TestBuilder] testcase: TestCase_25
2013-11-25 14:32:40,843 INFO  [TestBuilder] testcase: TestCase_26
2013-11-25 14:32:40,868 INFO  [TestBuilder] testcase: TestCase_27
2013-11-25 14:32:40,904 INFO  [TestBuilder] testcase: TestCase_28
2013-11-25 14:32:40,937 INFO  [TestBuilder] testcase: TestCase_29
2013-11-25 14:32:40,978 INFO  [TestBuilder] testcase: TestCase_30
2013-11-25 14:32:41,019 INFO  [TestBuilder] testcase: TestCase_31
2013-11-25 14:32:41,064 INFO  [TestBuilder] testcase: TestCase_32
2013-11-25 14:32:41,105 INFO  [TestBuilder] testcase: TestCase_33
2013-11-25 14:32:41,150 INFO  [TestBuilder] testcase: TestCase_34
2013-11-25 14:32:41,195 INFO  [TestBuilder] testcase: TestCase_35
2013-11-25 14:32:41,229 INFO  [TestBuilder] testcase: TestCase_36
2013-11-25 14:32:41,267 INFO  [TestBuilder] testcase: TestCase_37
2013-11-25 14:32:41,302 INFO  [TestBuilder] testcase: TestCase_38
2013-11-25 14:32:41,337 INFO  [TestBuilder] testcase: TestCase_39
2013-11-25 14:32:41,376 INFO  [TestBuilder] testcase: TestCase_40
2013-11-25 14:32:41,408 INFO  [TestBuilder] testcase: TestCase_41
2013-11-25 14:32:41,443 INFO  [TestBuilder] testcase: TestCase_42
2013-11-25 14:32:41,480 INFO  [TestBuilder] testcase: TestCase_43
2013-11-25 14:32:41,513 INFO  [TestBuilder] testcase: TestCase_44
2013-11-25 14:32:41,548 INFO  [TestBuilder] testcase: TestCase_45
2013-11-25 14:32:41,584 INFO  [TestBuilder] testcase: TestCase_46
2013-11-25 14:32:41,617 INFO  [TestBuilder] testcase: TestCase_47
2013-11-25 14:32:41,652 INFO  [TestBuilder] testcase: TestCase_48
2013-11-25 14:32:41,684 INFO  [TestBuilder] testcase: TestCase_49
2013-11-25 14:32:41,727 INFO  [TestBuilder] testcase: TestCase_50
2013-11-25 14:32:41,758 INFO  [TestBuilder] testcase: TestCase_51
2013-11-25 14:32:41,790 INFO  [TestBuilder] testcase: TestCase_52
2013-11-25 14:32:41,822 INFO  [TestBuilder] testcase: TestCase_53
2013-11-25 14:32:41,854 INFO  [TestBuilder] testcase: TestCase_54
2013-11-25 14:32:41,892 INFO  [TestBuilder] testcase: TestCase_55
2013-11-25 14:32:41,916 INFO  [TestBuilder] testcase: TestCase_56
2013-11-25 14:32:41,946 INFO  [TestBuilder] testcase: TestCase_57
2013-11-25 14:32:41,969 INFO  [TestBuilder] testcase: TestCase_58
2013-11-25 14:32:41,992 INFO  [TestBuilder] testcase: TestCase_59
2013-11-25 14:32:42,015 INFO  [TestBuilder] testcase: TestCase_60
2013-11-25 14:32:42,046 INFO  [TestBuilder] testcase: TestCase_61
2013-11-25 14:32:42,101 INFO  [TestBuilder] testcase: TestCase_62
2013-11-25 14:32:42,123 INFO  [TestBuilder] testcase: TestCase_63
2013-11-25 14:32:42,143 INFO  [TestBuilder] testcase: TestCase_64
2013-11-25 14:32:42,261 INFO  [TestBuilder] testcase: TestCase_65
2013-11-25 14:32:42,277 INFO  [TestBuilder] testcase: TestCase_66
2013-11-25 14:32:42,292 INFO  [TestBuilder] testcase: TestCase_67
2013-11-25 14:32:42,308 INFO  [TestBuilder] testcase: TestCase_68
2013-11-25 14:32:42,324 INFO  [TestBuilder] testcase: TestCase_69
2013-11-25 14:32:42,338 INFO  [TestBuilder] testcase: TestCase_70
2013-11-25 14:32:42,353 INFO  [TestBuilder] testcase: TestCase_71
2013-11-25 14:32:42,368 INFO  [TestBuilder] testcase: TestCase_72
2013-11-25 14:32:42,385 INFO  [TestBuilder] testcase: TestCase_73
2013-11-25 14:32:42,409 INFO  [TestBuilder] testcase: TestCase_74
2013-11-25 14:32:42,424 INFO  [TestBuilder] testcase: TestCase_75
2013-11-25 14:32:42,438 INFO  [TestBuilder] testcase: TestCase_76
2013-11-25 14:32:42,461 INFO  [TestBuilder] testcase: TestCase_77
2013-11-25 14:32:42,476 INFO  [TestBuilder] testcase: TestCase_78
2013-11-25 14:32:42,498 INFO  [TestBuilder] testcase: TestCase_79
2013-11-25 14:32:42,527 INFO  [TestBuilder] testcase: TestCase_80
2013-11-25 14:32:42,569 INFO  [TestBuilder] testcase: TestCase_81
2013-11-25 14:32:42,595 INFO  [TestBuilder] testcase: TestCase_82
2013-11-25 14:32:42,628 INFO  [TestBuilder] testcase: TestCase_83
2013-11-25 14:32:42,653 INFO  [TestBuilder] testcase: TestCase_84
2013-11-25 14:32:42,733 INFO  [TestBuilder] testcase: TestCase_85
2013-11-25 14:32:42,764 INFO  [TestBuilder] testcase: TestCase_86
2013-11-25 14:32:42,790 INFO  [TestBuilder] testcase: TestCase_87
2013-11-25 14:32:42,819 INFO  [TestBuilder] testcase: TestCase_88
2013-11-25 14:32:42,849 INFO  [TestBuilder] testcase: TestCase_89
2013-11-25 14:32:42,881 INFO  [TestBuilder] testcase: TestCase_90
2013-11-25 14:32:42,913 INFO  [TestBuilder] testcase: TestCase_91
2013-11-25 14:32:42,945 INFO  [TestBuilder] testcase: TestCase_92
2013-11-25 14:32:42,981 INFO  [TestBuilder] testcase: TestCase_93
2013-11-25 14:32:43,007 INFO  [TestBuilder] testcase: TestCase_94
2013-11-25 14:32:43,036 INFO  [TestBuilder] testcase: TestCase_95
2013-11-25 14:32:43,070 INFO  [TestBuilder] testcase: TestCase_96
2013-11-25 14:32:43,110 INFO  [TestBuilder] testcase: TestCase_97
2013-11-25 14:32:43,128 INFO  [TestBuilder] testcase: TestCase_98
2013-11-25 14:32:43,157 INFO  [TestBuilder] testcase: TestCase_99
2013-11-25 14:32:43,186 INFO  [TestBuilder] testcase: TestCase_100
2013-11-25 14:32:43,203 INFO  [TestBuilder] testcase: TestCase_101
2013-11-25 14:32:43,230 INFO  [TestBuilder] testcase: TestCase_102
2013-11-25 14:32:43,252 INFO  [TestBuilder] testcase: TestCase_103
2013-11-25 14:32:43,386 INFO  [TestBuilder] testcase: TestCase_104
2013-11-25 14:32:43,400 INFO  [TestBuilder] testcase: TestCase_105
2013-11-25 14:32:43,412 INFO  [TestBuilder] testcase: TestCase_106
2013-11-25 14:32:43,424 INFO  [TestBuilder] testcase: TestCase_107
2013-11-25 14:32:43,437 INFO  [TestBuilder] testcase: TestCase_108
2013-11-25 14:32:43,449 INFO  [TestBuilder] testcase: TestCase_109
2013-11-25 14:32:43,462 INFO  [TestBuilder] testcase: TestCase_110
2013-11-25 14:32:43,473 INFO  [TestBuilder] testcase: TestCase_111
2013-11-25 14:32:43,485 INFO  [TestBuilder] testcase: TestCase_112
2013-11-25 14:32:43,497 INFO  [TestBuilder] testcase: TestCase_113
2013-11-25 14:32:43,510 INFO  [TestBuilder] testcase: TestCase_114
2013-11-25 14:32:43,522 INFO  [TestBuilder] testcase: TestCase_115
2013-11-25 14:32:43,533 INFO  [TestBuilder] testcase: TestCase_116
2013-11-25 14:32:43,545 INFO  [TestBuilder] testcase: TestCase_117
2013-11-25 14:32:43,557 INFO  [TestBuilder] testcase: TestCase_118
2013-11-25 14:32:43,568 INFO  [TestBuilder] testcase: TestCase_119
2013-11-25 14:32:43,580 INFO  [TestBuilder] testcase: TestCase_120
2013-11-25 14:32:43,592 INFO  [TestBuilder] testcase: TestCase_121
2013-11-25 14:32:43,607 INFO  [TestBuilder] testcase: TestCase_122
2013-11-25 14:32:43,621 INFO  [TestBuilder] testcase: TestCase_123
2013-11-25 14:32:43,633 INFO  [TestBuilder] testcase: TestCase_124
2013-11-25 14:32:43,645 INFO  [TestBuilder] testcase: TestCase_125
2013-11-25 14:32:43,657 INFO  [TestBuilder] testcase: TestCase_126
2013-11-25 14:32:43,669 INFO  [TestBuilder] testcase: TestCase_127
2013-11-25 14:32:43,682 INFO  [TestBuilder] testcase: TestCase_128
2013-11-25 14:32:43,694 INFO  [TestBuilder] testcase: TestCase_129
2013-11-25 14:32:43,706 INFO  [TestBuilder] testcase: TestCase_130
2013-11-25 14:32:43,719 INFO  [TestBuilder] testcase: TestCase_131
2013-11-25 14:32:43,730 INFO  [TestBuilder] testcase: TestCase_132
2013-11-25 14:32:43,742 INFO  [TestBuilder] testcase: TestCase_133
2013-11-25 14:32:43,756 INFO  [TestBuilder] testcase: TestCase_134
2013-11-25 14:32:43,768 INFO  [TestBuilder] testcase: TestCase_135
2013-11-25 14:32:43,780 INFO  [TestBuilder] testcase: TestCase_136
2013-11-25 14:32:43,792 INFO  [TestBuilder] testcase: TestCase_137
2013-11-25 14:32:43,806 INFO  [TestBuilder] testcase: TestCase_138
2013-11-25 14:32:43,821 INFO  [TestBuilder] testcase: TestCase_139
2013-11-25 14:32:43,833 INFO  [TestBuilder] testcase: TestCase_140
2013-11-25 14:32:43,845 INFO  [TestBuilder] testcase: TestCase_141
2013-11-25 14:32:43,980 INFO  [TestBuilder] testcase: TestCase_142
2013-11-25 14:32:43,991 INFO  [TestBuilder] testcase: TestCase_143
2013-11-25 14:32:44,003 INFO  [TestBuilder] testcase: TestCase_144
2013-11-25 14:32:44,015 INFO  [TestBuilder] end
