This file contains any messages produced by compilers while
running configure, to aid debugging if configure makes a mistake.

It was created by configure, which was
generated by GNU Autoconf 2.69.  Invocation command line was

  $ ./configure 

## --------- ##
## Platform. ##
## --------- ##

hostname = note-luca.amministrazione.unicam
uname -m = x86_64
uname -r = 14.0.0
uname -s = Darwin
uname -v = Darwin Kernel Version 14.0.0: Fri Sep 19 00:26:44 PDT 2014; root:xnu-2782.1.97~2/RELEASE_X86_64

/usr/bin/uname -p = i386
/bin/uname -X     = unknown

/bin/arch              = unknown
/usr/bin/arch -k       = unknown
/usr/convex/getsysinfo = unknown
/usr/bin/hostinfo      = Mach kernel version:
	 Darwin Kernel Version 14.0.0: Fri Sep 19 00:26:44 PDT 2014; root:xnu-2782.1.97~2/RELEASE_X86_64
Kernel configured for up to 2 processors.
2 processors are physically available.
2 processors are logically available.
Processor type: i486 (Intel 80486)
Processors active: 0 1
Primary memory available: 4.00 gigabytes
Default processor set: 199 tasks, 861 threads, 2 processors
Load average: 1.68, Mach factor: 0.75
/bin/machine           = unknown
/usr/bin/oslevel       = unknown
/bin/universe          = unknown

PATH: /opt/local/bin
PATH: /opt/local/sbin
PATH: /Applications/Postgress.app/Contents/Versions/9.3/bin
PATH: /usr/local/bin
PATH: /usr/bin
PATH: /bin
PATH: /usr/sbin
PATH: /sbin
PATH: /opt/X11/bin
PATH: /usr/texbin
PATH: /Applications/AndroidSDK/sdk/platform-tools
PATH: /Applications/AndroidSDK/sdk/tools


## ----------- ##
## Core tests. ##
## ----------- ##

configure:3227: checking build system type
configure:3241: result: i386-apple-darwin14.0.0
configure:3261: checking host system type
configure:3274: result: i386-apple-darwin14.0.0
configure:3312: checking host system type... i386-apple-darwin14.0.0
configure:3411: checking /Users/deLac/Desktop/tevfik/samik/XSB/lib
configure:3413: result: OK
configure:3418: checking /Users/deLac/Desktop/tevfik/samik/XSB/syslib
configure:3420: result: OK
configure:3425: checking /Users/deLac/Desktop/tevfik/samik/XSB/cmplib
configure:3427: result: OK
configure:3438: checking /Users/deLac/Desktop/tevfik/samik/XSB/bin
configure:3440: result: OK
configure:3445: checking /Users/deLac/Desktop/tevfik/samik/XSB/config/i386-apple-darwin14.0.0/bin
configure:3447: result: OK
configure:3452: checking /Users/deLac/Desktop/tevfik/samik/XSB/config/i386-apple-darwin14.0.0/lib
configure:3454: result: OK
configure:3459: checking /Users/deLac/Desktop/tevfik/samik/XSB/config/i386-apple-darwin14.0.0/saved.o
configure:3461: result: OK
configure:3466: checking /Users/deLac/Desktop/tevfik/samik/XSB/site/lib
configure:3468: result: OK
configure:3473: checking /Users/deLac/Desktop/tevfik/samik/XSB/site/config/i386-apple-darwin14.0.0/lib
configure:3475: result: OK
configure:3480: checking /Users/deLac/Desktop/tevfik/samik/XSB/emu
configure:3482: result: OK
configure:3487: checking /Users/deLac/Desktop/tevfik/samik/XSB/lib
configure:3489: result: OK
configure:3494: checking /Users/deLac/Desktop/tevfik/samik/XSB/syslib
configure:3496: result: OK
configure:3501: checking /Users/deLac/Desktop/tevfik/samik/XSB/cmplib
configure:3503: result: OK
configure:3508: checking /Users/deLac/Desktop/tevfik/samik/XSB/bin
configure:3510: result: OK
configure:3515: checking /Users/deLac/Desktop/tevfik/samik/XSB/build
configure:3517: result: OK
configure:3522: checking /Users/deLac/Desktop/tevfik/samik/XSB/config/i386-apple-darwin14.0.0/bin
configure:3524: result: OK
configure:3529: checking /Users/deLac/Desktop/tevfik/samik/XSB/config/i386-apple-darwin14.0.0/lib
configure:3531: result: OK
configure:3536: checking /Users/deLac/Desktop/tevfik/samik/XSB/config/i386-apple-darwin14.0.0/saved.o
configure:3538: result: OK
configure:3543: checking /Users/deLac/Desktop/tevfik/samik/XSB/etc
configure:3545: result: OK
configure:3550: checking /Users/deLac/Desktop/tevfik/samik/XSB/packages
configure:3552: result: OK
configure:3557: checking /Users/deLac/Desktop/tevfik/samik/XSB/packages/xmc
configure:3559: result: OK
configure:3564: checking /Users/deLac/Desktop/tevfik/samik/XSB/examples
configure:3566: result: OK
configure:3571: checking /Users/deLac/Desktop/tevfik/samik/XSB/prolog_includes
configure:3573: result: OK
configure:3639: checking for gcc
configure:3655: found /usr/bin/gcc
configure:3666: result: gcc
configure:3895: checking for C compiler version
configure:3904: gcc --version >&5
Apple LLVM version 6.0 (clang-600.0.51) (based on LLVM 3.5svn)
Target: x86_64-apple-darwin14.0.0
Thread model: posix
Configured with: --prefix=/Applications/Xcode.app/Contents/Developer/usr --with-gxx-include-dir=/usr/include/c++/4.2.1
configure:3915: $? = 0
configure:3904: gcc -v >&5
Configured with: --prefix=/Applications/Xcode.app/Contents/Developer/usr --with-gxx-include-dir=/usr/include/c++/4.2.1
Apple LLVM version 6.0 (clang-600.0.51) (based on LLVM 3.5svn)
Target: x86_64-apple-darwin14.0.0
Thread model: posix
configure:3915: $? = 0
configure:3904: gcc -V >&5
clang: error: argument to '-V' is missing (expected 1 value)
clang: error: no input files
configure:3915: $? = 1
configure:3904: gcc -qversion >&5
clang: error: unknown argument: '-qversion'
clang: error: no input files
configure:3915: $? = 1
configure:3935: checking whether the C compiler works
configure:3957: gcc    conftest.c  >&5
configure:3961: $? = 0
configure:4009: result: yes
configure:4012: checking for C compiler default output file name
configure:4014: result: a.out
configure:4020: checking for suffix of executables
configure:4027: gcc -o conftest    conftest.c  >&5
configure:4031: $? = 0
configure:4053: result: 
configure:4075: checking whether we are cross compiling
configure:4083: gcc -o conftest    conftest.c  >&5
configure:4087: $? = 0
configure:4094: ./conftest
configure:4098: $? = 0
configure:4113: result: no
configure:4118: checking for suffix of object files
configure:4140: gcc -c   conftest.c >&5
configure:4144: $? = 0
configure:4165: result: o
configure:4169: checking whether we are using the GNU C compiler
configure:4188: gcc -c   conftest.c >&5
configure:4188: $? = 0
configure:4197: result: yes
configure:4206: checking whether gcc accepts -g
configure:4226: gcc -c -g  conftest.c >&5
configure:4226: $? = 0
configure:4267: result: yes
configure:4284: checking for gcc option to accept ISO C89
configure:4347: gcc  -c -g -O2  conftest.c >&5
configure:4347: $? = 0
configure:4360: result: none needed
configure:4385: checking how to run the C preprocessor
configure:4416: gcc -E  conftest.c
configure:4416: $? = 0
configure:4430: gcc -E  conftest.c
conftest.c:19:10: fatal error: 'ac_nonexistent.h' file not found
#include <ac_nonexistent.h>
         ^
1 error generated.
configure:4430: $? = 1
configure: failed program was:
| /* confdefs.h */
| #define PACKAGE_NAME ""
| #define PACKAGE_TARNAME ""
| #define PACKAGE_VERSION ""
| #define PACKAGE_STRING ""
| #define PACKAGE_BUGREPORT ""
| #define PACKAGE_URL ""
| #define CONFIG_INCLUDED 1
| #define ___ALWAYS_TRUE___ 1
| #define XSB_VERSION "3.5.0 (Maotai)"
| #define RELEASE_DATE 2013-07-06
| #define RELEASE_YEAR 2013
| #define RELEASE_MONTH 7
| #define RELEASE_DAY 6
| #define LOCAL_EVAL 1
| #define GC 1
| #define SLG_GC 1
| /* end confdefs.h.  */
| #include <ac_nonexistent.h>
configure:4455: result: gcc -E
configure:4475: gcc -E  conftest.c
configure:4475: $? = 0
configure:4489: gcc -E  conftest.c
conftest.c:19:10: fatal error: 'ac_nonexistent.h' file not found
#include <ac_nonexistent.h>
         ^
1 error generated.
configure:4489: $? = 1
configure: failed program was:
| /* confdefs.h */
| #define PACKAGE_NAME ""
| #define PACKAGE_TARNAME ""
| #define PACKAGE_VERSION ""
| #define PACKAGE_STRING ""
| #define PACKAGE_BUGREPORT ""
| #define PACKAGE_URL ""
| #define CONFIG_INCLUDED 1
| #define ___ALWAYS_TRUE___ 1
| #define XSB_VERSION "3.5.0 (Maotai)"
| #define RELEASE_DATE 2013-07-06
| #define RELEASE_YEAR 2013
| #define RELEASE_MONTH 7
| #define RELEASE_DAY 6
| #define LOCAL_EVAL 1
| #define GC 1
| #define SLG_GC 1
| /* end confdefs.h.  */
| #include <ac_nonexistent.h>
configure:4531: checking for a BSD-compatible install
configure:4599: result: /usr/bin/install -c
configure:4612: checking for grep that handles long lines and -e
configure:4670: result: /usr/bin/grep
configure:4675: checking for egrep
configure:4737: result: /usr/bin/grep -E
configure:4742: checking for ANSI C header files
configure:4762: gcc -c -g -O2  conftest.c >&5
configure:4762: $? = 0
configure:4835: gcc -o conftest -g -O2   conftest.c  >&5
configure:4835: $? = 0
configure:4835: ./conftest
configure:4835: $? = 0
configure:4846: result: yes
configure:4859: checking for sys/types.h
configure:4859: gcc -c -g -O2  conftest.c >&5
configure:4859: $? = 0
configure:4859: result: yes
configure:4859: checking for sys/stat.h
configure:4859: gcc -c -g -O2  conftest.c >&5
configure:4859: $? = 0
configure:4859: result: yes
configure:4859: checking for stdlib.h
configure:4859: gcc -c -g -O2  conftest.c >&5
configure:4859: $? = 0
configure:4859: result: yes
configure:4859: checking for string.h
configure:4859: gcc -c -g -O2  conftest.c >&5
configure:4859: $? = 0
configure:4859: result: yes
configure:4859: checking for memory.h
configure:4859: gcc -c -g -O2  conftest.c >&5
configure:4859: $? = 0
configure:4859: result: yes
configure:4859: checking for strings.h
configure:4859: gcc -c -g -O2  conftest.c >&5
configure:4859: $? = 0
configure:4859: result: yes
configure:4859: checking for inttypes.h
configure:4859: gcc -c -g -O2  conftest.c >&5
configure:4859: $? = 0
configure:4859: result: yes
configure:4859: checking for stdint.h
configure:4859: gcc -c -g -O2  conftest.c >&5
configure:4859: $? = 0
configure:4859: result: yes
configure:4859: checking for unistd.h
configure:4859: gcc -c -g -O2  conftest.c >&5
configure:4859: $? = 0
configure:4859: result: yes
configure:4872: checking minix/config.h usability
configure:4872: gcc -c -g -O2  conftest.c >&5
conftest.c:62:10: fatal error: 'minix/config.h' file not found
#include <minix/config.h>
         ^
1 error generated.
configure:4872: $? = 1
configure: failed program was:
| /* confdefs.h */
| #define PACKAGE_NAME ""
| #define PACKAGE_TARNAME ""
| #define PACKAGE_VERSION ""
| #define PACKAGE_STRING ""
| #define PACKAGE_BUGREPORT ""
| #define PACKAGE_URL ""
| #define CONFIG_INCLUDED 1
| #define ___ALWAYS_TRUE___ 1
| #define XSB_VERSION "3.5.0 (Maotai)"
| #define RELEASE_DATE 2013-07-06
| #define RELEASE_YEAR 2013
| #define RELEASE_MONTH 7
| #define RELEASE_DAY 6
| #define LOCAL_EVAL 1
| #define GC 1
| #define SLG_GC 1
| #define STDC_HEADERS 1
| #define HAVE_SYS_TYPES_H 1
| #define HAVE_SYS_STAT_H 1
| #define HAVE_STDLIB_H 1
| #define HAVE_STRING_H 1
| #define HAVE_MEMORY_H 1
| #define HAVE_STRINGS_H 1
| #define HAVE_INTTYPES_H 1
| #define HAVE_STDINT_H 1
| #define HAVE_UNISTD_H 1
| /* end confdefs.h.  */
| #include <stdio.h>
| #ifdef HAVE_SYS_TYPES_H
| # include <sys/types.h>
| #endif
| #ifdef HAVE_SYS_STAT_H
| # include <sys/stat.h>
| #endif
| #ifdef STDC_HEADERS
| # include <stdlib.h>
| # include <stddef.h>
| #else
| # ifdef HAVE_STDLIB_H
| #  include <stdlib.h>
| # endif
| #endif
| #ifdef HAVE_STRING_H
| # if !defined STDC_HEADERS && defined HAVE_MEMORY_H
| #  include <memory.h>
| # endif
| # include <string.h>
| #endif
| #ifdef HAVE_STRINGS_H
| # include <strings.h>
| #endif
| #ifdef HAVE_INTTYPES_H
| # include <inttypes.h>
| #endif
| #ifdef HAVE_STDINT_H
| # include <stdint.h>
| #endif
| #ifdef HAVE_UNISTD_H
| # include <unistd.h>
| #endif
| #include <minix/config.h>
configure:4872: result: no
configure:4872: checking minix/config.h presence
configure:4872: gcc -E  conftest.c
conftest.c:29:10: fatal error: 'minix/config.h' file not found
#include <minix/config.h>
         ^
1 error generated.
configure:4872: $? = 1
configure: failed program was:
| /* confdefs.h */
| #define PACKAGE_NAME ""
| #define PACKAGE_TARNAME ""
| #define PACKAGE_VERSION ""
| #define PACKAGE_STRING ""
| #define PACKAGE_BUGREPORT ""
| #define PACKAGE_URL ""
| #define CONFIG_INCLUDED 1
| #define ___ALWAYS_TRUE___ 1
| #define XSB_VERSION "3.5.0 (Maotai)"
| #define RELEASE_DATE 2013-07-06
| #define RELEASE_YEAR 2013
| #define RELEASE_MONTH 7
| #define RELEASE_DAY 6
| #define LOCAL_EVAL 1
| #define GC 1
| #define SLG_GC 1
| #define STDC_HEADERS 1
| #define HAVE_SYS_TYPES_H 1
| #define HAVE_SYS_STAT_H 1
| #define HAVE_STDLIB_H 1
| #define HAVE_STRING_H 1
| #define HAVE_MEMORY_H 1
| #define HAVE_STRINGS_H 1
| #define HAVE_INTTYPES_H 1
| #define HAVE_STDINT_H 1
| #define HAVE_UNISTD_H 1
| /* end confdefs.h.  */
| #include <minix/config.h>
configure:4872: result: no
configure:4872: checking for minix/config.h
configure:4872: result: no
configure:4893: checking whether it is safe to define __EXTENSIONS__
configure:4911: gcc -c -g -O2  conftest.c >&5
configure:4911: $? = 0
configure:4918: result: yes
configure:4936: checking for gcc
configure:4952: found /usr/bin/gcc
configure:4964: result: yes
configure:4973: checking whether we are using SunPro C
configure:4984: gcc -c -g -O2  conftest.c >&5
conftest.c:36:2: error: Not a  SunPro compiler :-(
#error Not a  SunPro compiler :-(
 ^
conftest.c:37:9: error: expected identifier or '('
******* ======= ******** &&&&&&&&
        ^
2 errors generated.
configure:4984: $? = 1
configure: failed program was:
| /* confdefs.h */
| #define PACKAGE_NAME ""
| #define PACKAGE_TARNAME ""
| #define PACKAGE_VERSION ""
| #define PACKAGE_STRING ""
| #define PACKAGE_BUGREPORT ""
| #define PACKAGE_URL ""
| #define CONFIG_INCLUDED 1
| #define ___ALWAYS_TRUE___ 1
| #define XSB_VERSION "3.5.0 (Maotai)"
| #define RELEASE_DATE 2013-07-06
| #define RELEASE_YEAR 2013
| #define RELEASE_MONTH 7
| #define RELEASE_DAY 6
| #define LOCAL_EVAL 1
| #define GC 1
| #define SLG_GC 1
| #define STDC_HEADERS 1
| #define HAVE_SYS_TYPES_H 1
| #define HAVE_SYS_STAT_H 1
| #define HAVE_STDLIB_H 1
| #define HAVE_STRING_H 1
| #define HAVE_MEMORY_H 1
| #define HAVE_STRINGS_H 1
| #define HAVE_INTTYPES_H 1
| #define HAVE_STDINT_H 1
| #define HAVE_UNISTD_H 1
| #define __EXTENSIONS__ 1
| #define _ALL_SOURCE 1
| #define _GNU_SOURCE 1
| #define _POSIX_PTHREAD_SEMANTICS 1
| #define _TANDEM_SOURCE 1
| /* end confdefs.h.  */
| 
| #ifndef __SUNPRO_C
| #error Not a  SunPro compiler :-(
| ******* ======= ******** &&&&&&&&
| #endif
| 
configure:4990: result: no
configure:5130: checking whether make sets $(MAKE)
configure:5152: result: yes
configure:5168: checking size of long int
configure:5173: gcc -o conftest -Wall -pipe -ansi -pedantic   conftest.c  >&5
configure:5173: $? = 0
configure:5173: ./conftest
configure:5173: $? = 0
configure:5187: result: 8
configure:5253: checking for main in -lm
configure:5272: gcc -o conftest -Wall -pipe -ansi -pedantic   conftest.c -lm   >&5
configure:5272: $? = 0
configure:5281: result: yes
configure:5296: checking for main in -ldl
configure:5315: gcc -o conftest -Wall -pipe -ansi -pedantic   conftest.c -ldl  -lm  >&5
configure:5315: $? = 0
configure:5324: result: yes
configure:5337: checking for main in -lnsl
configure:5356: gcc -o conftest -Wall -pipe -ansi -pedantic   conftest.c -lnsl  -ldl -lm  >&5
ld: library not found for -lnsl
clang: error: linker command failed with exit code 1 (use -v to see invocation)
configure:5356: $? = 1
configure: failed program was:
| /* confdefs.h */
| #define PACKAGE_NAME ""
| #define PACKAGE_TARNAME ""
| #define PACKAGE_VERSION ""
| #define PACKAGE_STRING ""
| #define PACKAGE_BUGREPORT ""
| #define PACKAGE_URL ""
| #define CONFIG_INCLUDED 1
| #define ___ALWAYS_TRUE___ 1
| #define XSB_VERSION "3.5.0 (Maotai)"
| #define RELEASE_DATE 2013-07-06
| #define RELEASE_YEAR 2013
| #define RELEASE_MONTH 7
| #define RELEASE_DAY 6
| #define LOCAL_EVAL 1
| #define GC 1
| #define SLG_GC 1
| #define STDC_HEADERS 1
| #define HAVE_SYS_TYPES_H 1
| #define HAVE_SYS_STAT_H 1
| #define HAVE_STDLIB_H 1
| #define HAVE_STRING_H 1
| #define HAVE_MEMORY_H 1
| #define HAVE_STRINGS_H 1
| #define HAVE_INTTYPES_H 1
| #define HAVE_STDINT_H 1
| #define HAVE_UNISTD_H 1
| #define __EXTENSIONS__ 1
| #define _ALL_SOURCE 1
| #define _GNU_SOURCE 1
| #define _POSIX_PTHREAD_SEMANTICS 1
| #define _TANDEM_SOURCE 1
| #define CC "gcc"
| #define SIZEOF_LONG_INT 8
| #define BITS64 1
| #define HAVE_LIBM 1
| #define HAVE_LIBDL 1
| /* end confdefs.h.  */
| 
| 
| int
| main ()
| {
| return main ();
|   ;
|   return 0;
| }
configure:5365: result: no
configure:5378: checking for main in -lpthread
configure:5397: gcc -o conftest -Wall -pipe -ansi -pedantic   conftest.c -lpthread  -ldl -lm  >&5
configure:5397: $? = 0
configure:5406: result: yes
configure:5419: checking for main in -lsocket
configure:5438: gcc -o conftest -Wall -pipe -ansi -pedantic   conftest.c -lsocket  -lpthread -ldl -lm  >&5
ld: library not found for -lsocket
clang: error: linker command failed with exit code 1 (use -v to see invocation)
configure:5438: $? = 1
configure: failed program was:
| /* confdefs.h */
| #define PACKAGE_NAME ""
| #define PACKAGE_TARNAME ""
| #define PACKAGE_VERSION ""
| #define PACKAGE_STRING ""
| #define PACKAGE_BUGREPORT ""
| #define PACKAGE_URL ""
| #define CONFIG_INCLUDED 1
| #define ___ALWAYS_TRUE___ 1
| #define XSB_VERSION "3.5.0 (Maotai)"
| #define RELEASE_DATE 2013-07-06
| #define RELEASE_YEAR 2013
| #define RELEASE_MONTH 7
| #define RELEASE_DAY 6
| #define LOCAL_EVAL 1
| #define GC 1
| #define SLG_GC 1
| #define STDC_HEADERS 1
| #define HAVE_SYS_TYPES_H 1
| #define HAVE_SYS_STAT_H 1
| #define HAVE_STDLIB_H 1
| #define HAVE_STRING_H 1
| #define HAVE_MEMORY_H 1
| #define HAVE_STRINGS_H 1
| #define HAVE_INTTYPES_H 1
| #define HAVE_STDINT_H 1
| #define HAVE_UNISTD_H 1
| #define __EXTENSIONS__ 1
| #define _ALL_SOURCE 1
| #define _GNU_SOURCE 1
| #define _POSIX_PTHREAD_SEMANTICS 1
| #define _TANDEM_SOURCE 1
| #define CC "gcc"
| #define SIZEOF_LONG_INT 8
| #define BITS64 1
| #define HAVE_LIBM 1
| #define HAVE_LIBDL 1
| #define HAVE_LIBPTHREAD 1
| /* end confdefs.h.  */
| 
| 
| int
| main ()
| {
| return main ();
|   ;
|   return 0;
| }
configure:5447: result: no
configure:5461: checking for readline in -lreadline
configure:5486: gcc -o conftest -Wall -pipe -ansi -pedantic   conftest.c -lreadline  -lpthread -ldl -lm  >&5
configure:5486: $? = 0
configure:5495: result: yes
configure:5506: checking for sched_get_priority_max
configure:5506: gcc -o conftest -Wall -pipe -ansi -pedantic   conftest.c -lpthread -ldl -lm  >&5
configure:5506: $? = 0
configure:5506: result: yes
configure:5555: checking stdarg.h usability
configure:5555: gcc -c -Wall -pipe -ansi -pedantic  conftest.c >&5
configure:5555: $? = 0
configure:5555: result: yes
configure:5555: checking stdarg.h presence
configure:5555: gcc -E  conftest.c
configure:5555: $? = 0
configure:5555: result: yes
configure:5555: checking for stdarg.h
configure:5555: result: yes
configure:5574: checking sys/time.h usability
configure:5574: gcc -c -Wall -pipe -ansi -pedantic  conftest.c >&5
configure:5574: $? = 0
configure:5574: result: yes
configure:5574: checking sys/time.h presence
configure:5574: gcc -E  conftest.c
configure:5574: $? = 0
configure:5574: result: yes
configure:5574: checking for sys/time.h
configure:5574: result: yes
configure:5585: checking whether time.h and sys/time.h may both be included
configure:5605: gcc -c -Wall -pipe -ansi -pedantic  conftest.c >&5
configure:5605: $? = 0
configure:5612: result: yes
configure:5623: checking sys/resource.h usability
configure:5623: gcc -c -Wall -pipe -ansi -pedantic  conftest.c >&5
configure:5623: $? = 0
configure:5623: result: yes
configure:5623: checking sys/resource.h presence
configure:5623: gcc -E  conftest.c
configure:5623: $? = 0
configure:5623: result: yes
configure:5623: checking for sys/resource.h
configure:5623: result: yes
configure:5640: checking for malloc
configure:5640: gcc -o conftest -Wall -pipe -ansi -pedantic   conftest.c -lpthread -ldl -lm  >&5
conftest.c:68:6: warning: incompatible redeclaration of library function 'malloc' [-Wincompatible-library-redeclaration]
char malloc ();
     ^
conftest.c:68:6: note: 'malloc' is a builtin with type 'void *(unsigned long)'
1 warning generated.
configure:5640: $? = 0
configure:5640: result: yes
configure:5657: checking for unistd.h
configure:5657: result: yes
configure:5657: checking for string.h
configure:5657: result: yes
configure:5657: checking for stdlib.h
configure:5657: result: yes
configure:5675: checking for an ANSI C-conforming const
configure:5741: gcc -c -Wall -pipe -ansi -pedantic  conftest.c >&5
configure:5741: $? = 0
configure:5748: result: yes
configure:5757: checking return type of signal handlers
configure:5775: gcc -c -Wall -pipe -ansi -pedantic  conftest.c >&5
conftest.c:55:8: error: indirection requires pointer operand ('void' invalid)
return *(signal (0, 0)) (0) == 1;
       ^~~~~~~~~~~~~~~~~~~~
1 error generated.
configure:5775: $? = 1
configure: failed program was:
| /* confdefs.h */
| #define PACKAGE_NAME ""
| #define PACKAGE_TARNAME ""
| #define PACKAGE_VERSION ""
| #define PACKAGE_STRING ""
| #define PACKAGE_BUGREPORT ""
| #define PACKAGE_URL ""
| #define CONFIG_INCLUDED 1
| #define ___ALWAYS_TRUE___ 1
| #define XSB_VERSION "3.5.0 (Maotai)"
| #define RELEASE_DATE 2013-07-06
| #define RELEASE_YEAR 2013
| #define RELEASE_MONTH 7
| #define RELEASE_DAY 6
| #define LOCAL_EVAL 1
| #define GC 1
| #define SLG_GC 1
| #define STDC_HEADERS 1
| #define HAVE_SYS_TYPES_H 1
| #define HAVE_SYS_STAT_H 1
| #define HAVE_STDLIB_H 1
| #define HAVE_STRING_H 1
| #define HAVE_MEMORY_H 1
| #define HAVE_STRINGS_H 1
| #define HAVE_INTTYPES_H 1
| #define HAVE_STDINT_H 1
| #define HAVE_UNISTD_H 1
| #define __EXTENSIONS__ 1
| #define _ALL_SOURCE 1
| #define _GNU_SOURCE 1
| #define _POSIX_PTHREAD_SEMANTICS 1
| #define _TANDEM_SOURCE 1
| #define CC "gcc"
| #define SIZEOF_LONG_INT 8
| #define BITS64 1
| #define HAVE_LIBM 1
| #define HAVE_LIBDL 1
| #define HAVE_LIBPTHREAD 1
| #define HAVE_READLINE 1
| #define HAVE_STDARG_H 1
| #define HAVE_SYS_TIME_H 1
| #define TIME_WITH_SYS_TIME 1
| #define HAVE_SYS_RESOURCE_H 1
| #define HAVE_MALLOC 1
| #define HAVE_UNISTD_H 1
| #define HAVE_STRING_H 1
| #define HAVE_STDLIB_H 1
| /* end confdefs.h.  */
| #include <sys/types.h>
| #include <signal.h>
| 
| int
| main ()
| {
| return *(signal (0, 0)) (0) == 1;
|   ;
|   return 0;
| }
configure:5782: result: void
configure:5793: checking for strdup
configure:5793: gcc -o conftest -Wall -pipe -ansi -pedantic   conftest.c -lpthread -ldl -lm  >&5
configure:5793: $? = 0
configure:5793: result: yes
configure:5793: checking for mkdir
configure:5793: gcc -o conftest -Wall -pipe -ansi -pedantic   conftest.c -lpthread -ldl -lm  >&5
configure:5793: $? = 0
configure:5793: result: yes
configure:5812: checking for gethostbyname
configure:5812: gcc -o conftest -Wall -pipe -ansi -pedantic   conftest.c -lpthread -ldl -lm  >&5
configure:5812: $? = 0
configure:5812: result: yes
configure:5812: checking for gettimeofday
configure:5812: gcc -o conftest -Wall -pipe -ansi -pedantic   conftest.c -lpthread -ldl -lm  >&5
configure:5812: $? = 0
configure:5812: result: yes
configure:5812: checking for socket
configure:5812: gcc -o conftest -Wall -pipe -ansi -pedantic   conftest.c -lpthread -ldl -lm  >&5
configure:5812: $? = 0
configure:5812: result: yes
configure:5812: checking for snprintf
configure:5812: gcc -o conftest -Wall -pipe -ansi -pedantic   conftest.c -lpthread -ldl -lm  >&5
conftest.c:78:6: warning: incompatible redeclaration of library function 'snprintf' [-Wincompatible-library-redeclaration]
char snprintf ();
     ^
conftest.c:78:6: note: 'snprintf' is a builtin with type 'int (char *, unsigned long, const char *, ...)'
1 warning generated.
configure:5812: $? = 0
configure:5812: result: yes
configure:5825: checking for regexec
configure:5825: gcc -o conftest -Wall -pipe -ansi -pedantic   conftest.c -lpthread -ldl -lm  >&5
configure:5825: $? = 0
configure:5825: result: yes
configure:5825: checking for regerror
configure:5825: gcc -o conftest -Wall -pipe -ansi -pedantic   conftest.c -lpthread -ldl -lm  >&5
configure:5825: $? = 0
configure:5825: result: yes
configure:5825: checking for regcomp
configure:5825: gcc -o conftest -Wall -pipe -ansi -pedantic   conftest.c -lpthread -ldl -lm  >&5
configure:5825: $? = 0
configure:5825: result: yes
configure:5839: checking for fnmatch
configure:5839: gcc -o conftest -Wall -pipe -ansi -pedantic   conftest.c -lpthread -ldl -lm  >&5
configure:5839: $? = 0
configure:5839: result: yes
configure:5839: checking for glob
configure:5839: gcc -o conftest -Wall -pipe -ansi -pedantic   conftest.c -lpthread -ldl -lm  >&5
configure:5839: $? = 0
configure:5839: result: yes
configure:5839: checking for globfree
configure:5839: gcc -o conftest -Wall -pipe -ansi -pedantic   conftest.c -lpthread -ldl -lm  >&5
configure:5839: $? = 0
configure:5839: result: yes
configure:5853: checking for execvp
configure:5853: gcc -o conftest -Wall -pipe -ansi -pedantic   conftest.c -lpthread -ldl -lm  >&5
configure:5853: $? = 0
configure:5853: result: yes
configure:6058: checking for itkwish
configure:6090: result: no
configure:6134: checking whether loader understands -Wl,-export-dynamic
configure:6142: gcc -o conftest -Wall -pipe   -Wl,-export-dynamic conftest.c  -lpthread -ldl -lm  >&5
conftest.c:65:1: warning: type specifier missing, defaults to 'int' [-Wimplicit-int]
main(){return 0;}
^~~~
1 warning generated.
ld: unknown option: -export-dynamic
clang: error: linker command failed with exit code 1 (use -v to see invocation)
configure:6142: $? = 1
configure: failed program was:
| /* confdefs.h */
| #define PACKAGE_NAME ""
| #define PACKAGE_TARNAME ""
| #define PACKAGE_VERSION ""
| #define PACKAGE_STRING ""
| #define PACKAGE_BUGREPORT ""
| #define PACKAGE_URL ""
| #define CONFIG_INCLUDED 1
| #define ___ALWAYS_TRUE___ 1
| #define XSB_VERSION "3.5.0 (Maotai)"
| #define RELEASE_DATE 2013-07-06
| #define RELEASE_YEAR 2013
| #define RELEASE_MONTH 7
| #define RELEASE_DAY 6
| #define LOCAL_EVAL 1
| #define GC 1
| #define SLG_GC 1
| #define STDC_HEADERS 1
| #define HAVE_SYS_TYPES_H 1
| #define HAVE_SYS_STAT_H 1
| #define HAVE_STDLIB_H 1
| #define HAVE_STRING_H 1
| #define HAVE_MEMORY_H 1
| #define HAVE_STRINGS_H 1
| #define HAVE_INTTYPES_H 1
| #define HAVE_STDINT_H 1
| #define HAVE_UNISTD_H 1
| #define __EXTENSIONS__ 1
| #define _ALL_SOURCE 1
| #define _GNU_SOURCE 1
| #define _POSIX_PTHREAD_SEMANTICS 1
| #define _TANDEM_SOURCE 1
| #define CC "gcc"
| #define SIZEOF_LONG_INT 8
| #define BITS64 1
| #define HAVE_LIBM 1
| #define HAVE_LIBDL 1
| #define HAVE_LIBPTHREAD 1
| #define HAVE_READLINE 1
| #define HAVE_STDARG_H 1
| #define HAVE_SYS_TIME_H 1
| #define TIME_WITH_SYS_TIME 1
| #define HAVE_SYS_RESOURCE_H 1
| #define HAVE_MALLOC 1
| #define HAVE_UNISTD_H 1
| #define HAVE_STRING_H 1
| #define HAVE_STDLIB_H 1
| #define RETSIGTYPE void
| #define HAVE_STRDUP 1
| #define HAVE_MKDIR 1
| #define HAVE_GETHOSTBYNAME 1
| #define HAVE_GETTIMEOFDAY 1
| #define HAVE_SOCKET 1
| #define HAVE_SNPRINTF 1
| #define HAVE_REGEXEC 1
| #define HAVE_REGERROR 1
| #define HAVE_REGCOMP 1
| #define HAVE_FNMATCH 1
| #define HAVE_GLOB 1
| #define HAVE_GLOBFREE 1
| #define HAVE_EXECVP 1
| #define JUMPTABLE_EMULOOP 1
| #define INSN_BLOCKS 1
| /* end confdefs.h.  */
| main(){return 0;}
configure:6149: result: no
configure:6373: checking for inline
configure:6389: gcc -c  -fPIC -Wall -pipe    conftest.c >&5
conftest.c:69:21: warning: unused function 'static_foo' [-Wunused-function]
static inline foo_t static_foo () {return 0; }
                    ^
1 warning generated.
configure:6389: $? = 0
configure:6397: result: inline
configure:6819: checking for javac
configure:6837: found /usr/bin/javac
configure:6850: result: /usr/bin/javac
configure:6890: checking jni.h usability
configure:6890: gcc -c  -O3 -fno-strict-aliasing   -fPIC -Wall -pipe    conftest.c >&5
conftest.c:100:10: fatal error: 'jni.h' file not found
#include <jni.h>
         ^
1 error generated.
configure:6890: $? = 1
configure: failed program was:
| /* confdefs.h */
| #define PACKAGE_NAME ""
| #define PACKAGE_TARNAME ""
| #define PACKAGE_VERSION ""
| #define PACKAGE_STRING ""
| #define PACKAGE_BUGREPORT ""
| #define PACKAGE_URL ""
| #define CONFIG_INCLUDED 1
| #define ___ALWAYS_TRUE___ 1
| #define XSB_VERSION "3.5.0 (Maotai)"
| #define RELEASE_DATE 2013-07-06
| #define RELEASE_YEAR 2013
| #define RELEASE_MONTH 7
| #define RELEASE_DAY 6
| #define LOCAL_EVAL 1
| #define GC 1
| #define SLG_GC 1
| #define STDC_HEADERS 1
| #define HAVE_SYS_TYPES_H 1
| #define HAVE_SYS_STAT_H 1
| #define HAVE_STDLIB_H 1
| #define HAVE_STRING_H 1
| #define HAVE_MEMORY_H 1
| #define HAVE_STRINGS_H 1
| #define HAVE_INTTYPES_H 1
| #define HAVE_STDINT_H 1
| #define HAVE_UNISTD_H 1
| #define __EXTENSIONS__ 1
| #define _ALL_SOURCE 1
| #define _GNU_SOURCE 1
| #define _POSIX_PTHREAD_SEMANTICS 1
| #define _TANDEM_SOURCE 1
| #define CC "gcc"
| #define SIZEOF_LONG_INT 8
| #define BITS64 1
| #define HAVE_LIBM 1
| #define HAVE_LIBDL 1
| #define HAVE_LIBPTHREAD 1
| #define HAVE_READLINE 1
| #define HAVE_STDARG_H 1
| #define HAVE_SYS_TIME_H 1
| #define TIME_WITH_SYS_TIME 1
| #define HAVE_SYS_RESOURCE_H 1
| #define HAVE_MALLOC 1
| #define HAVE_UNISTD_H 1
| #define HAVE_STRING_H 1
| #define HAVE_STDLIB_H 1
| #define RETSIGTYPE void
| #define HAVE_STRDUP 1
| #define HAVE_MKDIR 1
| #define HAVE_GETHOSTBYNAME 1
| #define HAVE_GETTIMEOFDAY 1
| #define HAVE_SOCKET 1
| #define HAVE_SNPRINTF 1
| #define HAVE_REGEXEC 1
| #define HAVE_REGERROR 1
| #define HAVE_REGCOMP 1
| #define HAVE_FNMATCH 1
| #define HAVE_GLOB 1
| #define HAVE_GLOBFREE 1
| #define HAVE_EXECVP 1
| #define JUMPTABLE_EMULOOP 1
| #define INSN_BLOCKS 1
| #define DARWIN 1
| #define FOREIGN_ELF 1
| /* end confdefs.h.  */
| #include <stdio.h>
| #ifdef HAVE_SYS_TYPES_H
| # include <sys/types.h>
| #endif
| #ifdef HAVE_SYS_STAT_H
| # include <sys/stat.h>
| #endif
| #ifdef STDC_HEADERS
| # include <stdlib.h>
| # include <stddef.h>
| #else
| # ifdef HAVE_STDLIB_H
| #  include <stdlib.h>
| # endif
| #endif
| #ifdef HAVE_STRING_H
| # if !defined STDC_HEADERS && defined HAVE_MEMORY_H
| #  include <memory.h>
| # endif
| # include <string.h>
| #endif
| #ifdef HAVE_STRINGS_H
| # include <strings.h>
| #endif
| #ifdef HAVE_INTTYPES_H
| # include <inttypes.h>
| #endif
| #ifdef HAVE_STDINT_H
| # include <stdint.h>
| #endif
| #ifdef HAVE_UNISTD_H
| # include <unistd.h>
| #endif
| #include <jni.h>
configure:6890: result: no
configure:6890: checking jni.h presence
configure:6890: gcc -E  conftest.c
conftest.c:67:10: fatal error: 'jni.h' file not found
#include <jni.h>
         ^
1 error generated.
configure:6890: $? = 1
configure: failed program was:
| /* confdefs.h */
| #define PACKAGE_NAME ""
| #define PACKAGE_TARNAME ""
| #define PACKAGE_VERSION ""
| #define PACKAGE_STRING ""
| #define PACKAGE_BUGREPORT ""
| #define PACKAGE_URL ""
| #define CONFIG_INCLUDED 1
| #define ___ALWAYS_TRUE___ 1
| #define XSB_VERSION "3.5.0 (Maotai)"
| #define RELEASE_DATE 2013-07-06
| #define RELEASE_YEAR 2013
| #define RELEASE_MONTH 7
| #define RELEASE_DAY 6
| #define LOCAL_EVAL 1
| #define GC 1
| #define SLG_GC 1
| #define STDC_HEADERS 1
| #define HAVE_SYS_TYPES_H 1
| #define HAVE_SYS_STAT_H 1
| #define HAVE_STDLIB_H 1
| #define HAVE_STRING_H 1
| #define HAVE_MEMORY_H 1
| #define HAVE_STRINGS_H 1
| #define HAVE_INTTYPES_H 1
| #define HAVE_STDINT_H 1
| #define HAVE_UNISTD_H 1
| #define __EXTENSIONS__ 1
| #define _ALL_SOURCE 1
| #define _GNU_SOURCE 1
| #define _POSIX_PTHREAD_SEMANTICS 1
| #define _TANDEM_SOURCE 1
| #define CC "gcc"
| #define SIZEOF_LONG_INT 8
| #define BITS64 1
| #define HAVE_LIBM 1
| #define HAVE_LIBDL 1
| #define HAVE_LIBPTHREAD 1
| #define HAVE_READLINE 1
| #define HAVE_STDARG_H 1
| #define HAVE_SYS_TIME_H 1
| #define TIME_WITH_SYS_TIME 1
| #define HAVE_SYS_RESOURCE_H 1
| #define HAVE_MALLOC 1
| #define HAVE_UNISTD_H 1
| #define HAVE_STRING_H 1
| #define HAVE_STDLIB_H 1
| #define RETSIGTYPE void
| #define HAVE_STRDUP 1
| #define HAVE_MKDIR 1
| #define HAVE_GETHOSTBYNAME 1
| #define HAVE_GETTIMEOFDAY 1
| #define HAVE_SOCKET 1
| #define HAVE_SNPRINTF 1
| #define HAVE_REGEXEC 1
| #define HAVE_REGERROR 1
| #define HAVE_REGCOMP 1
| #define HAVE_FNMATCH 1
| #define HAVE_GLOB 1
| #define HAVE_GLOBFREE 1
| #define HAVE_EXECVP 1
| #define JUMPTABLE_EMULOOP 1
| #define INSN_BLOCKS 1
| #define DARWIN 1
| #define FOREIGN_ELF 1
| /* end confdefs.h.  */
| #include <jni.h>
configure:6890: result: no
configure:6890: checking for jni.h
configure:6890: result: no
configure:6890: checking jni_md.h usability
configure:6890: gcc -c  -O3 -fno-strict-aliasing   -fPIC -Wall -pipe    conftest.c >&5
conftest.c:100:10: fatal error: 'jni_md.h' file not found
#include <jni_md.h>
         ^
1 error generated.
configure:6890: $? = 1
configure: failed program was:
| /* confdefs.h */
| #define PACKAGE_NAME ""
| #define PACKAGE_TARNAME ""
| #define PACKAGE_VERSION ""
| #define PACKAGE_STRING ""
| #define PACKAGE_BUGREPORT ""
| #define PACKAGE_URL ""
| #define CONFIG_INCLUDED 1
| #define ___ALWAYS_TRUE___ 1
| #define XSB_VERSION "3.5.0 (Maotai)"
| #define RELEASE_DATE 2013-07-06
| #define RELEASE_YEAR 2013
| #define RELEASE_MONTH 7
| #define RELEASE_DAY 6
| #define LOCAL_EVAL 1
| #define GC 1
| #define SLG_GC 1
| #define STDC_HEADERS 1
| #define HAVE_SYS_TYPES_H 1
| #define HAVE_SYS_STAT_H 1
| #define HAVE_STDLIB_H 1
| #define HAVE_STRING_H 1
| #define HAVE_MEMORY_H 1
| #define HAVE_STRINGS_H 1
| #define HAVE_INTTYPES_H 1
| #define HAVE_STDINT_H 1
| #define HAVE_UNISTD_H 1
| #define __EXTENSIONS__ 1
| #define _ALL_SOURCE 1
| #define _GNU_SOURCE 1
| #define _POSIX_PTHREAD_SEMANTICS 1
| #define _TANDEM_SOURCE 1
| #define CC "gcc"
| #define SIZEOF_LONG_INT 8
| #define BITS64 1
| #define HAVE_LIBM 1
| #define HAVE_LIBDL 1
| #define HAVE_LIBPTHREAD 1
| #define HAVE_READLINE 1
| #define HAVE_STDARG_H 1
| #define HAVE_SYS_TIME_H 1
| #define TIME_WITH_SYS_TIME 1
| #define HAVE_SYS_RESOURCE_H 1
| #define HAVE_MALLOC 1
| #define HAVE_UNISTD_H 1
| #define HAVE_STRING_H 1
| #define HAVE_STDLIB_H 1
| #define RETSIGTYPE void
| #define HAVE_STRDUP 1
| #define HAVE_MKDIR 1
| #define HAVE_GETHOSTBYNAME 1
| #define HAVE_GETTIMEOFDAY 1
| #define HAVE_SOCKET 1
| #define HAVE_SNPRINTF 1
| #define HAVE_REGEXEC 1
| #define HAVE_REGERROR 1
| #define HAVE_REGCOMP 1
| #define HAVE_FNMATCH 1
| #define HAVE_GLOB 1
| #define HAVE_GLOBFREE 1
| #define HAVE_EXECVP 1
| #define JUMPTABLE_EMULOOP 1
| #define INSN_BLOCKS 1
| #define DARWIN 1
| #define FOREIGN_ELF 1
| /* end confdefs.h.  */
| #include <stdio.h>
| #ifdef HAVE_SYS_TYPES_H
| # include <sys/types.h>
| #endif
| #ifdef HAVE_SYS_STAT_H
| # include <sys/stat.h>
| #endif
| #ifdef STDC_HEADERS
| # include <stdlib.h>
| # include <stddef.h>
| #else
| # ifdef HAVE_STDLIB_H
| #  include <stdlib.h>
| # endif
| #endif
| #ifdef HAVE_STRING_H
| # if !defined STDC_HEADERS && defined HAVE_MEMORY_H
| #  include <memory.h>
| # endif
| # include <string.h>
| #endif
| #ifdef HAVE_STRINGS_H
| # include <strings.h>
| #endif
| #ifdef HAVE_INTTYPES_H
| # include <inttypes.h>
| #endif
| #ifdef HAVE_STDINT_H
| # include <stdint.h>
| #endif
| #ifdef HAVE_UNISTD_H
| # include <unistd.h>
| #endif
| #include <jni_md.h>
configure:6890: result: no
configure:6890: checking jni_md.h presence
configure:6890: gcc -E  conftest.c
conftest.c:67:10: fatal error: 'jni_md.h' file not found
#include <jni_md.h>
         ^
1 error generated.
configure:6890: $? = 1
configure: failed program was:
| /* confdefs.h */
| #define PACKAGE_NAME ""
| #define PACKAGE_TARNAME ""
| #define PACKAGE_VERSION ""
| #define PACKAGE_STRING ""
| #define PACKAGE_BUGREPORT ""
| #define PACKAGE_URL ""
| #define CONFIG_INCLUDED 1
| #define ___ALWAYS_TRUE___ 1
| #define XSB_VERSION "3.5.0 (Maotai)"
| #define RELEASE_DATE 2013-07-06
| #define RELEASE_YEAR 2013
| #define RELEASE_MONTH 7
| #define RELEASE_DAY 6
| #define LOCAL_EVAL 1
| #define GC 1
| #define SLG_GC 1
| #define STDC_HEADERS 1
| #define HAVE_SYS_TYPES_H 1
| #define HAVE_SYS_STAT_H 1
| #define HAVE_STDLIB_H 1
| #define HAVE_STRING_H 1
| #define HAVE_MEMORY_H 1
| #define HAVE_STRINGS_H 1
| #define HAVE_INTTYPES_H 1
| #define HAVE_STDINT_H 1
| #define HAVE_UNISTD_H 1
| #define __EXTENSIONS__ 1
| #define _ALL_SOURCE 1
| #define _GNU_SOURCE 1
| #define _POSIX_PTHREAD_SEMANTICS 1
| #define _TANDEM_SOURCE 1
| #define CC "gcc"
| #define SIZEOF_LONG_INT 8
| #define BITS64 1
| #define HAVE_LIBM 1
| #define HAVE_LIBDL 1
| #define HAVE_LIBPTHREAD 1
| #define HAVE_READLINE 1
| #define HAVE_STDARG_H 1
| #define HAVE_SYS_TIME_H 1
| #define TIME_WITH_SYS_TIME 1
| #define HAVE_SYS_RESOURCE_H 1
| #define HAVE_MALLOC 1
| #define HAVE_UNISTD_H 1
| #define HAVE_STRING_H 1
| #define HAVE_STDLIB_H 1
| #define RETSIGTYPE void
| #define HAVE_STRDUP 1
| #define HAVE_MKDIR 1
| #define HAVE_GETHOSTBYNAME 1
| #define HAVE_GETTIMEOFDAY 1
| #define HAVE_SOCKET 1
| #define HAVE_SNPRINTF 1
| #define HAVE_REGEXEC 1
| #define HAVE_REGERROR 1
| #define HAVE_REGCOMP 1
| #define HAVE_FNMATCH 1
| #define HAVE_GLOB 1
| #define HAVE_GLOBFREE 1
| #define HAVE_EXECVP 1
| #define JUMPTABLE_EMULOOP 1
| #define INSN_BLOCKS 1
| #define DARWIN 1
| #define FOREIGN_ELF 1
| /* end confdefs.h.  */
| #include <jni_md.h>
configure:6890: result: no
configure:6890: checking for jni_md.h
configure:6890: result: no
configure:7110: updating cache /Users/deLac/Desktop/tevfik/samik/XSB/config/i386-apple-darwin14.0.0/config.cache
configure:7159: creating ./config.status

## ---------------------- ##
## Running config.status. ##
## ---------------------- ##

This file was extended by config.status, which was
generated by GNU Autoconf 2.69.  Invocation command line was

  CONFIG_FILES    = 
  CONFIG_HEADERS  = 
  CONFIG_LINKS    = 
  CONFIG_COMMANDS = 
  $ ./config.status 

on note-luca.amministrazione.unicam

config.status:954: creating /Users/deLac/Desktop/tevfik/samik/XSB/config/i386-apple-darwin14.0.0/topMakefile
config.status:954: creating /Users/deLac/Desktop/tevfik/samik/XSB/config/i386-apple-darwin14.0.0/emuMakefile
config.status:954: creating /Users/deLac/Desktop/tevfik/samik/XSB/config/i386-apple-darwin14.0.0/modMakefile
config.status:954: creating /Users/deLac/Desktop/tevfik/samik/XSB/config/i386-apple-darwin14.0.0/gppMakefile
config.status:954: creating /Users/deLac/Desktop/tevfik/samik/XSB/config/i386-apple-darwin14.0.0/smoMakefile
config.status:954: creating /Users/deLac/Desktop/tevfik/samik/XSB/config/i386-apple-darwin14.0.0/makedef.sh
config.status:954: creating /Users/deLac/Desktop/tevfik/samik/XSB/config/i386-apple-darwin14.0.0/lib/xsb_configuration.P
config.status:954: creating windows/xsb_configuration.P
config.status:954: creating windows64/xsb_configuration.P
config.status:954: creating makexsb
config.status:954: creating /Users/deLac/Desktop/tevfik/samik/XSB/bin/chr_pp
config.status:954: creating /Users/deLac/Desktop/tevfik/samik/XSB/bin/xsb
config.status:954: creating /Users/deLac/Desktop/tevfik/samik/XSB/config/i386-apple-darwin14.0.0/banner.msg
config.status:954: creating windows/banner.msg
config.status:954: creating windows64/banner.msg
config.status:954: creating windows/MSVC_mkfile.mak
config.status:954: creating windows64/MSVC_mkfile.mak
config.status:954: creating /Users/deLac/Desktop/tevfik/samik/XSB/packages/xmc/xmc-gui
config.status:954: creating /Users/deLac/Desktop/tevfik/samik/XSB/config/i386-apple-darwin14.0.0/xsb_config.h
config.status:954: creating windows/xsb_config.h
config.status:954: creating windows/xsb_debug.h
config.status:1129: windows/xsb_debug.h is unchanged
config.status:954: creating windows64/xsb_config.h
config.status:954: creating windows64/xsb_debug.h
config.status:1129: windows64/xsb_debug.h is unchanged
config.status:954: creating /Users/deLac/Desktop/tevfik/samik/XSB/config/i386-apple-darwin14.0.0/xsb_debug.h

## ---------------- ##
## Cache variables. ##
## ---------------- ##

ac_cv_build=i386-apple-darwin14.0.0
ac_cv_c_compiler_gnu=yes
ac_cv_c_const=yes
ac_cv_c_inline=inline
ac_cv_env_CCC_set=
ac_cv_env_CCC_value=
ac_cv_env_CC_set=
ac_cv_env_CC_value=
ac_cv_env_CFLAGS_set=
ac_cv_env_CFLAGS_value=
ac_cv_env_CPPFLAGS_set=
ac_cv_env_CPPFLAGS_value=
ac_cv_env_CPP_set=
ac_cv_env_CPP_value=
ac_cv_env_CXXFLAGS_set=
ac_cv_env_CXXFLAGS_value=
ac_cv_env_CXX_set=
ac_cv_env_CXX_value=
ac_cv_env_LDFLAGS_set=
ac_cv_env_LDFLAGS_value=
ac_cv_env_LIBS_set=
ac_cv_env_LIBS_value=
ac_cv_env_build_alias_set=
ac_cv_env_build_alias_value=
ac_cv_env_host_alias_set=
ac_cv_env_host_alias_value=
ac_cv_env_target_alias_set=
ac_cv_env_target_alias_value=
ac_cv_func_execvp=yes
ac_cv_func_fnmatch=yes
ac_cv_func_gethostbyname=yes
ac_cv_func_gettimeofday=yes
ac_cv_func_glob=yes
ac_cv_func_globfree=yes
ac_cv_func_malloc=yes
ac_cv_func_mkdir=yes
ac_cv_func_regcomp=yes
ac_cv_func_regerror=yes
ac_cv_func_regexec=yes
ac_cv_func_sched_get_priority_max=yes
ac_cv_func_snprintf=yes
ac_cv_func_socket=yes
ac_cv_func_strdup=yes
ac_cv_header_inttypes_h=yes
ac_cv_header_jni_h=no
ac_cv_header_jni_md_h=no
ac_cv_header_memory_h=yes
ac_cv_header_minix_config_h=no
ac_cv_header_stdarg_h=yes
ac_cv_header_stdc=yes
ac_cv_header_stdint_h=yes
ac_cv_header_stdlib_h=yes
ac_cv_header_string_h=yes
ac_cv_header_strings_h=yes
ac_cv_header_sys_resource_h=yes
ac_cv_header_sys_stat_h=yes
ac_cv_header_sys_time_h=yes
ac_cv_header_sys_types_h=yes
ac_cv_header_time=yes
ac_cv_header_unistd_h=yes
ac_cv_host=i386-apple-darwin14.0.0
ac_cv_lib_dl_main=yes
ac_cv_lib_m_main=yes
ac_cv_lib_nsl_main=no
ac_cv_lib_pthread_main=yes
ac_cv_lib_readline_readline=yes
ac_cv_lib_socket_main=no
ac_cv_objext=o
ac_cv_path_EGREP='/usr/bin/grep -E'
ac_cv_path_GREP=/usr/bin/grep
ac_cv_path_install='/usr/bin/install -c'
ac_cv_path_itkwish_path=no
ac_cv_path_java_path=/usr/bin/javac
ac_cv_prog_CPP='gcc -E'
ac_cv_prog_ac_ct_CC=gcc
ac_cv_prog_cc_c89=
ac_cv_prog_cc_g=yes
ac_cv_prog_has_gcc=yes
ac_cv_prog_make_make_set=yes
ac_cv_safe_to_define___extensions__=yes
ac_cv_sizeof_long_int=8
ac_cv_type_signal=void

## ----------------- ##
## Output variables. ##
## ----------------- ##

CC='gcc'
CFLAGS=' -O3 -fno-strict-aliasing   -fPIC -Wall -pipe  '
CPP='gcc -E'
CPPFLAGS=''
CROSS_SIMULATOR=''
CXX=''
CXXFLAGS=''
DEFS='-DHAVE_CONFIG_H'
DLLTYPE='nodll'
DYNMOD_LDFLAGS='-dynamiclib -single_module -nostartfiles'
DYNMOD_SHAREDLIB_EXTENSION='jnilib'
ECHO_C='\c'
ECHO_N=''
ECHO_T=''
EGREP='/usr/bin/grep -E'
EXEEXT=''
GPPCFLAGS=''
GPPWNTFLAG=''
GREP='/usr/bin/grep'
INSTALL_DATA='${INSTALL} -m 644'
INSTALL_PROGRAM='${INSTALL}'
INSTALL_SCRIPT='${INSTALL}'
INTERPROLOGOBJ=''
INTERPROLOGSRC=''
JAVA_HEADER_PATH=''
JAVA_PLATFORM_HEADER_PATH=''
LD='gcc'
LDFLAGS='  -lm'
LIBOBJS=''
LIBS=' -lpthread -ldl -lm '
LTLIBOBJS=''
MEMFLAG=''
OBJEXT='o'
ODBCOBJ=''
ODBCSRC=''
ODBC_CFLAGS=''
PACKAGE_BUGREPORT=''
PACKAGE_NAME=''
PACKAGE_STRING=''
PACKAGE_TARNAME=''
PACKAGE_URL=''
PACKAGE_VERSION=''
PATH_SEPARATOR=':'
SET_MAKE=''
SHELL='/bin/sh'
XASPDEFFILE=''
XASPLIBNAME=''
XSBMOD_LDFLAGS=' -nodefaultlibs -nostartfiles '
XSB_INTERPROLOG=''
ac_ct_CC='gcc'
ac_ct_CXX=''
arch_bindir='/Users/deLac/Desktop/tevfik/samik/XSB/config/i386-apple-darwin14.0.0/bin'
arch_config_file='/Users/deLac/Desktop/tevfik/samik/XSB/config/i386-apple-darwin14.0.0/lib/xsb_configuration.P'
arch_config_prefix='/Users/deLac/Desktop/tevfik/samik/XSB/config/i386-apple-darwin14.0.0'
arch_install_config_prefix='/Users/deLac/Desktop/tevfik/samik/XSB/config/i386-apple-darwin14.0.0'
bindir='${exec_prefix}/bin'
build='i386-apple-darwin14.0.0'
build_alias=''
build_cpu='i386'
build_os='darwin14.0.0'
build_vendor='apple'
builtinsCFLAGS=' -O3 -fno-strict-aliasing   -fPIC -Wall -pipe  '
canonical='i386-apple-darwin14.0.0'
compile_mode='optimal'
config_ln_command='ln -s '
config_tag=''
datadir='${datarootdir}'
datarootdir='${prefix}/share'
docdir='${datarootdir}/doc/${PACKAGE}'
dvidir='${docdir}'
emuloopCFLAGS=' -O3 -fno-strict-aliasing   -fPIC -Wall -pipe  '
emumake_goal='xsb'
engine_mode='slg-wam'
exec_prefix='${prefix}'
full_config_name='i386-apple-darwin14.0.0'
has_gcc='yes'
host='i386-apple-darwin14.0.0'
host_alias=''
host_cpu='i386'
host_os='darwin14.0.0'
host_vendor='apple'
htmldir='${docdir}'
includedir='${prefix}/include'
infodir='${datarootdir}/info'
itkwish_path='no'
java_compiler='/usr/bin/javac'
java_path='/usr/include'
libdir='/Users/deLac/Desktop/tevfik/samik/XSB/lib'
libexecdir='${exec_prefix}/libexec'
loaderCFLAGS=' -O3 -fno-strict-aliasing   -fPIC -Wall -pipe  '
localedir='${datarootdir}/locale'
localstatedir='${prefix}/var'
mandir='${datarootdir}/man'
mno_cyg_inclib=''
mno_cyg_lib=''
mt_mode=''
oldincludedir='/usr/include'
os_type='darwin'
os_version='14.0.0'
pdfdir='${docdir}'
prefix='/Users/deLac/Desktop/tevfik/samik/XSB'
program_transform_name='s,x,x,'
psdir='${docdir}'
regmatch_support='yes'
release_day='6'
release_month='7'
release_monthname='July'
release_year='2013'
sbindir='${exec_prefix}/sbin'
sharedstatedir='${prefix}/com'
site_prefix='/Users/deLac/Desktop/tevfik/samik/XSB/site'
smoCFLAGS=''
smoLDFLAGS=''
smoLIB=''
smodels_goal='nope'
sysconfdir='${prefix}/etc'
target_alias=''
topdir='/Users/deLac/Desktop/tevfik/samik/XSB'
trutilsCFLAGS=' -O3 -fno-strict-aliasing   -fPIC -Wall -pipe  '
wildmatch_support='yes'
with_smodels=''
word_size='64'
xsb_beta_version=''
xsb_build_date='Wed Oct 22 13:36:08 CEST 2014'
xsb_codename='Maotai'
xsb_full_version_name='3.5.0 (Maotai)'
xsb_major_version='3'
xsb_minor_version='5'
xsb_obj_extension='.xwam'
xsb_patch_date='Patch date: 2014-07-03 17:24:44 -0400 (Thu, 03 Jul 2014)'
xsb_patch_version='0'
xsb_release_date='2013-07-06'
xsb_scheduling_strategy='local'
xsb_version='3.5.0'

## ----------- ##
## confdefs.h. ##
## ----------- ##

/* confdefs.h */
#define PACKAGE_NAME ""
#define PACKAGE_TARNAME ""
#define PACKAGE_VERSION ""
#define PACKAGE_STRING ""
#define PACKAGE_BUGREPORT ""
#define PACKAGE_URL ""
#define CONFIG_INCLUDED 1
#define ___ALWAYS_TRUE___ 1
#define XSB_VERSION "3.5.0 (Maotai)"
#define RELEASE_DATE 2013-07-06
#define RELEASE_YEAR 2013
#define RELEASE_MONTH 7
#define RELEASE_DAY 6
#define LOCAL_EVAL 1
#define GC 1
#define SLG_GC 1
#define STDC_HEADERS 1
#define HAVE_SYS_TYPES_H 1
#define HAVE_SYS_STAT_H 1
#define HAVE_STDLIB_H 1
#define HAVE_STRING_H 1
#define HAVE_MEMORY_H 1
#define HAVE_STRINGS_H 1
#define HAVE_INTTYPES_H 1
#define HAVE_STDINT_H 1
#define HAVE_UNISTD_H 1
#define __EXTENSIONS__ 1
#define _ALL_SOURCE 1
#define _GNU_SOURCE 1
#define _POSIX_PTHREAD_SEMANTICS 1
#define _TANDEM_SOURCE 1
#define CC "gcc"
#define SIZEOF_LONG_INT 8
#define BITS64 1
#define HAVE_LIBM 1
#define HAVE_LIBDL 1
#define HAVE_LIBPTHREAD 1
#define HAVE_READLINE 1
#define HAVE_STDARG_H 1
#define HAVE_SYS_TIME_H 1
#define TIME_WITH_SYS_TIME 1
#define HAVE_SYS_RESOURCE_H 1
#define HAVE_MALLOC 1
#define HAVE_UNISTD_H 1
#define HAVE_STRING_H 1
#define HAVE_STDLIB_H 1
#define RETSIGTYPE void
#define HAVE_STRDUP 1
#define HAVE_MKDIR 1
#define HAVE_GETHOSTBYNAME 1
#define HAVE_GETTIMEOFDAY 1
#define HAVE_SOCKET 1
#define HAVE_SNPRINTF 1
#define HAVE_REGEXEC 1
#define HAVE_REGERROR 1
#define HAVE_REGCOMP 1
#define HAVE_FNMATCH 1
#define HAVE_GLOB 1
#define HAVE_GLOBFREE 1
#define HAVE_EXECVP 1
#define JUMPTABLE_EMULOOP 1
#define INSN_BLOCKS 1
#define DARWIN 1
#define FOREIGN_ELF 1
#define CONFIGURATION "i386-apple-darwin14.0.0"
#define FULL_CONFIG_NAME "i386-apple-darwin14.0.0"

configure: exit 0
